[0.005s] Invoking command in '/home/pan/experiment_2/nav2_astar_planner/build/nav2_straightline_planner': CMAKE_PREFIX_PATH=/opt/ros/humble /usr/bin/cmake --build /home/pan/experiment_2/nav2_astar_planner/build/nav2_straightline_planner -- -j20 -l20
[0.035s] [35m[1mConsolidate compiler generated dependencies of target nav2_straightline_planner_plugin[0m
[0.053s] [ 50%] [32mBuilding CXX object CMakeFiles/nav2_straightline_planner_plugin.dir/src/straight_line_planner.cpp.o[0m
[2.482s] [100%] [32m[1mLinking CXX shared library libnav2_straightline_planner_plugin.so[0m
[2.637s] [100%] Built target nav2_straightline_planner_plugin
[2.643s] Invoked command in '/home/pan/experiment_2/nav2_astar_planner/build/nav2_straightline_planner' returned '0': CMAKE_PREFIX_PATH=/opt/ros/humble /usr/bin/cmake --build /home/pan/experiment_2/nav2_astar_planner/build/nav2_straightline_planner -- -j20 -l20
[2.663s] Invoking command in '/home/pan/experiment_2/nav2_astar_planner/build/nav2_straightline_planner': CMAKE_PREFIX_PATH=/opt/ros/humble /usr/bin/cmake --install /home/pan/experiment_2/nav2_astar_planner/build/nav2_straightline_planner
[2.667s] -- Install configuration: ""
[2.667s] -- Execute custom install script
[2.667s] -- Up-to-date symlink: /home/pan/experiment_2/nav2_astar_planner/install/nav2_straightline_planner/share/nav2_straightline_planner//global_planner_plugin.xml
[2.667s] -- Up-to-date symlink: /home/pan/experiment_2/nav2_astar_planner/install/nav2_straightline_planner/lib/libnav2_straightline_planner_plugin.so
[2.668s] -- Up-to-date symlink: /home/pan/experiment_2/nav2_astar_planner/install/nav2_straightline_planner/include//nav2_straightline_planner/straight_line_planner.hpp
[2.668s] -- Up-to-date symlink: /home/pan/experiment_2/nav2_astar_planner/install/nav2_straightline_planner/share/nav2_straightline_planner/global_planner_plugin.xml
[2.668s] -- Up-to-date symlink: /home/pan/experiment_2/nav2_astar_planner/install/nav2_straightline_planner/share/nav2_straightline_planner/environment/library_path.sh
[2.668s] -- Up-to-date symlink: /home/pan/experiment_2/nav2_astar_planner/install/nav2_straightline_planner/share/nav2_straightline_planner/environment/library_path.dsv
[2.668s] -- Up-to-date symlink: /home/pan/experiment_2/nav2_astar_planner/install/nav2_straightline_planner/share/ament_index/resource_index/package_run_dependencies/nav2_straightline_planner
[2.668s] -- Up-to-date symlink: /home/pan/experiment_2/nav2_astar_planner/install/nav2_straightline_planner/share/ament_index/resource_index/parent_prefix_path/nav2_straightline_planner
[2.668s] -- Up-to-date symlink: /home/pan/experiment_2/nav2_astar_planner/install/nav2_straightline_planner/share/nav2_straightline_planner/environment/ament_prefix_path.sh
[2.668s] -- Up-to-date symlink: /home/pan/experiment_2/nav2_astar_planner/install/nav2_straightline_planner/share/nav2_straightline_planner/environment/ament_prefix_path.dsv
[2.668s] -- Up-to-date symlink: /home/pan/experiment_2/nav2_astar_planner/install/nav2_straightline_planner/share/nav2_straightline_planner/environment/path.sh
[2.668s] -- Up-to-date symlink: /home/pan/experiment_2/nav2_astar_planner/install/nav2_straightline_planner/share/nav2_straightline_planner/environment/path.dsv
[2.668s] -- Up-to-date symlink: /home/pan/experiment_2/nav2_astar_planner/install/nav2_straightline_planner/share/nav2_straightline_planner/local_setup.bash
[2.668s] -- Up-to-date symlink: /home/pan/experiment_2/nav2_astar_planner/install/nav2_straightline_planner/share/nav2_straightline_planner/local_setup.sh
[2.668s] -- Up-to-date symlink: /home/pan/experiment_2/nav2_astar_planner/install/nav2_straightline_planner/share/nav2_straightline_planner/local_setup.zsh
[2.668s] -- Up-to-date symlink: /home/pan/experiment_2/nav2_astar_planner/install/nav2_straightline_planner/share/nav2_straightline_planner/local_setup.dsv
[2.668s] -- Symlinking: /home/pan/experiment_2/nav2_astar_planner/install/nav2_straightline_planner/share/nav2_straightline_planner/package.dsv
[2.673s] -- Up-to-date symlink: /home/pan/experiment_2/nav2_astar_planner/install/nav2_straightline_planner/share/ament_index/resource_index/packages/nav2_straightline_planner
[2.673s] -- Up-to-date symlink: /home/pan/experiment_2/nav2_astar_planner/install/nav2_straightline_planner/share/ament_index/resource_index/nav2_core__pluginlib__plugin/nav2_straightline_planner
[2.673s] -- Up-to-date symlink: /home/pan/experiment_2/nav2_astar_planner/install/nav2_straightline_planner/share/nav2_straightline_planner/cmake/ament_cmake_export_include_directories-extras.cmake
[2.673s] -- Up-to-date symlink: /home/pan/experiment_2/nav2_astar_planner/install/nav2_straightline_planner/share/nav2_straightline_planner/cmake/ament_cmake_export_libraries-extras.cmake
[2.673s] -- Up-to-date symlink: /home/pan/experiment_2/nav2_astar_planner/install/nav2_straightline_planner/share/nav2_straightline_planner/cmake/ament_cmake_export_dependencies-extras.cmake
[2.673s] -- Up-to-date symlink: /home/pan/experiment_2/nav2_astar_planner/install/nav2_straightline_planner/share/nav2_straightline_planner/cmake/nav2_straightline_plannerConfig.cmake
[2.673s] -- Up-to-date symlink: /home/pan/experiment_2/nav2_astar_planner/install/nav2_straightline_planner/share/nav2_straightline_planner/cmake/nav2_straightline_plannerConfig-version.cmake
[2.673s] -- Up-to-date symlink: /home/pan/experiment_2/nav2_astar_planner/install/nav2_straightline_planner/share/nav2_straightline_planner/package.xml
[2.675s] Invoked command in '/home/pan/experiment_2/nav2_astar_planner/build/nav2_straightline_planner' returned '0': CMAKE_PREFIX_PATH=/opt/ros/humble /usr/bin/cmake --install /home/pan/experiment_2/nav2_astar_planner/build/nav2_straightline_planner
