[0.006s] Invoking command in '/home/pan/experiment_2/nav2_astar_planner/build/nav2_straightline_planner': CMAKE_PREFIX_PATH=/opt/ros/humble /usr/bin/cmake --build /home/pan/experiment_2/nav2_astar_planner/build/nav2_straightline_planner -- -j20 -l20
[0.034s] [35m[1mConsolidate compiler generated dependencies of target nav2_straightline_planner_plugin[0m
[0.047s] [ 50%] [32mBuilding CXX object CMakeFiles/nav2_straightline_planner_plugin.dir/src/straight_line_planner.cpp.o[0m
[2.468s] [100%] [32m[1mLinking CXX shared library libnav2_straightline_planner_plugin.so[0m
[2.624s] [100%] Built target nav2_straightline_planner_plugin
[2.630s] Invoked command in '/home/pan/experiment_2/nav2_astar_planner/build/nav2_straightline_planner' returned '0': CMAKE_PREFIX_PATH=/opt/ros/humble /usr/bin/cmake --build /home/pan/experiment_2/nav2_astar_planner/build/nav2_straightline_planner -- -j20 -l20
[2.648s] Invoking command in '/home/pan/experiment_2/nav2_astar_planner/build/nav2_straightline_planner': CMAKE_PREFIX_PATH=/opt/ros/humble /usr/bin/cmake --install /home/pan/experiment_2/nav2_astar_planner/build/nav2_straightline_planner
[2.653s] -- Install configuration: ""
[2.653s] -- Execute custom install script
[2.653s] -- Up-to-date symlink: /home/pan/experiment_2/nav2_astar_planner/install/nav2_straightline_planner/share/nav2_straightline_planner//global_planner_plugin.xml
[2.654s] -- Up-to-date symlink: /home/pan/experiment_2/nav2_astar_planner/install/nav2_straightline_planner/lib/libnav2_straightline_planner_plugin.so
[2.654s] -- Up-to-date symlink: /home/pan/experiment_2/nav2_astar_planner/install/nav2_straightline_planner/include//nav2_straightline_planner/straight_line_planner.hpp
[2.654s] -- Up-to-date symlink: /home/pan/experiment_2/nav2_astar_planner/install/nav2_straightline_planner/share/nav2_straightline_planner/global_planner_plugin.xml
[2.654s] -- Up-to-date symlink: /home/pan/experiment_2/nav2_astar_planner/install/nav2_straightline_planner/share/nav2_straightline_planner/environment/library_path.sh
[2.654s] -- Up-to-date symlink: /home/pan/experiment_2/nav2_astar_planner/install/nav2_straightline_planner/share/nav2_straightline_planner/environment/library_path.dsv
[2.654s] -- Up-to-date symlink: /home/pan/experiment_2/nav2_astar_planner/install/nav2_straightline_planner/share/ament_index/resource_index/package_run_dependencies/nav2_straightline_planner
[2.654s] -- Up-to-date symlink: /home/pan/experiment_2/nav2_astar_planner/install/nav2_straightline_planner/share/ament_index/resource_index/parent_prefix_path/nav2_straightline_planner
[2.655s] -- Up-to-date symlink: /home/pan/experiment_2/nav2_astar_planner/install/nav2_straightline_planner/share/nav2_straightline_planner/environment/ament_prefix_path.sh
[2.655s] -- Up-to-date symlink: /home/pan/experiment_2/nav2_astar_planner/install/nav2_straightline_planner/share/nav2_straightline_planner/environment/ament_prefix_path.dsv
[2.655s] -- Up-to-date symlink: /home/pan/experiment_2/nav2_astar_planner/install/nav2_straightline_planner/share/nav2_straightline_planner/environment/path.sh
[2.655s] -- Up-to-date symlink: /home/pan/experiment_2/nav2_astar_planner/install/nav2_straightline_planner/share/nav2_straightline_planner/environment/path.dsv
[2.655s] -- Up-to-date symlink: /home/pan/experiment_2/nav2_astar_planner/install/nav2_straightline_planner/share/nav2_straightline_planner/local_setup.bash
[2.655s] -- Up-to-date symlink: /home/pan/experiment_2/nav2_astar_planner/install/nav2_straightline_planner/share/nav2_straightline_planner/local_setup.sh
[2.655s] -- Up-to-date symlink: /home/pan/experiment_2/nav2_astar_planner/install/nav2_straightline_planner/share/nav2_straightline_planner/local_setup.zsh
[2.655s] -- Up-to-date symlink: /home/pan/experiment_2/nav2_astar_planner/install/nav2_straightline_planner/share/nav2_straightline_planner/local_setup.dsv
[2.655s] -- Symlinking: /home/pan/experiment_2/nav2_astar_planner/install/nav2_straightline_planner/share/nav2_straightline_planner/package.dsv
[2.661s] -- Up-to-date symlink: /home/pan/experiment_2/nav2_astar_planner/install/nav2_straightline_planner/share/ament_index/resource_index/packages/nav2_straightline_planner
[2.661s] -- Up-to-date symlink: /home/pan/experiment_2/nav2_astar_planner/install/nav2_straightline_planner/share/ament_index/resource_index/nav2_core__pluginlib__plugin/nav2_straightline_planner
[2.661s] -- Up-to-date symlink: /home/pan/experiment_2/nav2_astar_planner/install/nav2_straightline_planner/share/nav2_straightline_planner/cmake/ament_cmake_export_include_directories-extras.cmake
[2.661s] -- Up-to-date symlink: /home/pan/experiment_2/nav2_astar_planner/install/nav2_straightline_planner/share/nav2_straightline_planner/cmake/ament_cmake_export_libraries-extras.cmake
[2.661s] -- Up-to-date symlink: /home/pan/experiment_2/nav2_astar_planner/install/nav2_straightline_planner/share/nav2_straightline_planner/cmake/ament_cmake_export_dependencies-extras.cmake
[2.661s] -- Up-to-date symlink: /home/pan/experiment_2/nav2_astar_planner/install/nav2_straightline_planner/share/nav2_straightline_planner/cmake/nav2_straightline_plannerConfig.cmake
[2.661s] -- Up-to-date symlink: /home/pan/experiment_2/nav2_astar_planner/install/nav2_straightline_planner/share/nav2_straightline_planner/cmake/nav2_straightline_plannerConfig-version.cmake
[2.661s] -- Up-to-date symlink: /home/pan/experiment_2/nav2_astar_planner/install/nav2_straightline_planner/share/nav2_straightline_planner/package.xml
[2.663s] Invoked command in '/home/pan/experiment_2/nav2_astar_planner/build/nav2_straightline_planner' returned '0': CMAKE_PREFIX_PATH=/opt/ros/humble /usr/bin/cmake --install /home/pan/experiment_2/nav2_astar_planner/build/nav2_straightline_planner
