[35m[1mConsolidate compiler generated dependencies of target nav2_rrt_planner_plugin[0m
[ 50%] [32mBuilding CXX object CMakeFiles/nav2_rrt_planner_plugin.dir/src/RRT_plan.cpp.o[0m
[100%] [32m[1mLinking CXX shared library libnav2_rrt_planner_plugin.so[0m
[100%] Built target nav2_rrt_planner_plugin
-- Install configuration: ""
-- Execute custom install script
-- Symlinking: /home/asuka/Move/nav2_rrt_planner/install/nav2_rrt_planner/share/nav2_rrt_planner//global_planner_plugin.xml
-- Symlinking: /home/asuka/Move/nav2_rrt_planner/install/nav2_rrt_planner/lib/libnav2_rrt_planner_plugin.so
-- Symlinking: /home/asuka/Move/nav2_rrt_planner/install/nav2_rrt_planner/include//nav2_rrt_planner/rrt_planner.hpp
-- Up-to-date symlink: /home/asuka/Move/nav2_rrt_planner/install/nav2_rrt_planner/share/nav2_rrt_planner/global_planner_plugin.xml
-- Symlinking: /home/asuka/Move/nav2_rrt_planner/install/nav2_rrt_planner/share/nav2_rrt_planner/environment/library_path.sh
-- Symlinking: /home/asuka/Move/nav2_rrt_planner/install/nav2_rrt_planner/share/nav2_rrt_planner/environment/library_path.dsv
-- Symlinking: /home/asuka/Move/nav2_rrt_planner/install/nav2_rrt_planner/share/ament_index/resource_index/package_run_dependencies/nav2_rrt_planner
-- Symlinking: /home/asuka/Move/nav2_rrt_planner/install/nav2_rrt_planner/share/ament_index/resource_index/parent_prefix_path/nav2_rrt_planner
-- Symlinking: /home/asuka/Move/nav2_rrt_planner/install/nav2_rrt_planner/share/nav2_rrt_planner/environment/ament_prefix_path.sh
-- Symlinking: /home/asuka/Move/nav2_rrt_planner/install/nav2_rrt_planner/share/nav2_rrt_planner/environment/ament_prefix_path.dsv
-- Symlinking: /home/asuka/Move/nav2_rrt_planner/install/nav2_rrt_planner/share/nav2_rrt_planner/environment/path.sh
-- Symlinking: /home/asuka/Move/nav2_rrt_planner/install/nav2_rrt_planner/share/nav2_rrt_planner/environment/path.dsv
-- Symlinking: /home/asuka/Move/nav2_rrt_planner/install/nav2_rrt_planner/share/nav2_rrt_planner/local_setup.bash
-- Symlinking: /home/asuka/Move/nav2_rrt_planner/install/nav2_rrt_planner/share/nav2_rrt_planner/local_setup.sh
-- Symlinking: /home/asuka/Move/nav2_rrt_planner/install/nav2_rrt_planner/share/nav2_rrt_planner/local_setup.zsh
-- Symlinking: /home/asuka/Move/nav2_rrt_planner/install/nav2_rrt_planner/share/nav2_rrt_planner/local_setup.dsv
-- Symlinking: /home/asuka/Move/nav2_rrt_planner/install/nav2_rrt_planner/share/nav2_rrt_planner/package.dsv
-- Symlinking: /home/asuka/Move/nav2_rrt_planner/install/nav2_rrt_planner/share/ament_index/resource_index/packages/nav2_rrt_planner
-- Symlinking: /home/asuka/Move/nav2_rrt_planner/install/nav2_rrt_planner/share/ament_index/resource_index/nav2_core__pluginlib__plugin/nav2_rrt_planner
-- Symlinking: /home/asuka/Move/nav2_rrt_planner/install/nav2_rrt_planner/share/nav2_rrt_planner/cmake/ament_cmake_export_include_directories-extras.cmake
-- Symlinking: /home/asuka/Move/nav2_rrt_planner/install/nav2_rrt_planner/share/nav2_rrt_planner/cmake/ament_cmake_export_libraries-extras.cmake
-- Symlinking: /home/asuka/Move/nav2_rrt_planner/install/nav2_rrt_planner/share/nav2_rrt_planner/cmake/ament_cmake_export_dependencies-extras.cmake
-- Symlinking: /home/asuka/Move/nav2_rrt_planner/install/nav2_rrt_planner/share/nav2_rrt_planner/cmake/nav2_rrt_plannerConfig.cmake
-- Symlinking: /home/asuka/Move/nav2_rrt_planner/install/nav2_rrt_planner/share/nav2_rrt_planner/cmake/nav2_rrt_plannerConfig-version.cmake
-- Symlinking: /home/asuka/Move/nav2_rrt_planner/install/nav2_rrt_planner/share/nav2_rrt_planner/package.xml
