[0.080s] DEBUG:colcon:Command line arguments: ['/usr/bin/colcon', 'build', '--symlink-install']
[0.081s] DEBUG:colcon:Parsed command line arguments: Namespace(log_base=None, log_level=None, verb_name='build', build_base='build', install_base='install', merge_install=False, symlink_install=True, test_result_base=None, continue_on_error=False, executor='parallel', parallel_workers=20, event_handlers=None, ignore_user_meta=False, metas=['./colcon.meta'], base_paths=['.'], packages_ignore=None, packages_ignore_regex=None, paths=None, packages_up_to=None, packages_up_to_regex=None, packages_above=None, packages_above_and_dependencies=None, packages_above_depth=None, packages_select_by_dep=None, packages_skip_by_dep=None, packages_skip_up_to=None, packages_select_build_failed=False, packages_skip_build_finished=False, packages_select_test_failures=False, packages_skip_test_passed=False, packages_select=None, packages_skip=None, packages_select_regex=None, packages_skip_regex=None, packages_start=None, packages_end=None, allow_overriding=[], cmake_args=None, cmake_target=None, cmake_target_skip_unavailable=False, cmake_clean_cache=False, cmake_clean_first=False, cmake_force_configure=False, ament_cmake_args=None, catkin_cmake_args=None, catkin_skip_building_tests=False, mixin_files=None, mixin=None, verb_parser=<colcon_mixin.mixin.mixin_argument.MixinArgumentDecorator object at 0x7b6f469425f0>, verb_extension=<colcon_core.verb.build.BuildVerb object at 0x7b6f46941b10>, main=<bound method BuildVerb.main of <colcon_core.verb.build.BuildVerb object at 0x7b6f46941b10>>, mixin_verb=('build',))
[0.188s] Level 1:colcon.colcon_core.package_discovery:discover_packages(colcon_meta) check parameters
[0.188s] Level 1:colcon.colcon_core.package_discovery:discover_packages(recursive) check parameters
[0.188s] Level 1:colcon.colcon_core.package_discovery:discover_packages(ignore) check parameters
[0.188s] Level 1:colcon.colcon_core.package_discovery:discover_packages(path) check parameters
[0.188s] Level 1:colcon.colcon_core.package_discovery:discover_packages(colcon_meta) discover
[0.188s] Level 1:colcon.colcon_core.package_discovery:discover_packages(recursive) discover
[0.188s] INFO:colcon.colcon_core.package_discovery:Crawling recursively for packages in '/home/asuka/Move/nav2_rrt_planner'
[0.188s] Level 1:colcon.colcon_core.package_identification:_identify(.) by extensions ['ignore', 'ignore_ament_install']
[0.188s] Level 1:colcon.colcon_core.package_identification:_identify(.) by extension 'ignore'
[0.188s] Level 1:colcon.colcon_core.package_identification:_identify(.) by extension 'ignore_ament_install'
[0.188s] Level 1:colcon.colcon_core.package_identification:_identify(.) by extensions ['colcon_pkg']
[0.188s] Level 1:colcon.colcon_core.package_identification:_identify(.) by extension 'colcon_pkg'
[0.188s] Level 1:colcon.colcon_core.package_identification:_identify(.) by extensions ['colcon_meta']
[0.188s] Level 1:colcon.colcon_core.package_identification:_identify(.) by extension 'colcon_meta'
[0.188s] Level 1:colcon.colcon_core.package_identification:_identify(.) by extensions ['ros']
[0.188s] Level 1:colcon.colcon_core.package_identification:_identify(.) by extension 'ros'
[0.198s] DEBUG:colcon.colcon_core.package_identification:Package '.' with type 'ros.ament_cmake' and name 'nav2_rrt_planner'
[0.198s] Level 1:colcon.colcon_core.package_discovery:discover_packages(recursive) using defaults
[0.198s] Level 1:colcon.colcon_core.package_discovery:discover_packages(ignore) discover
[0.198s] Level 1:colcon.colcon_core.package_discovery:discover_packages(ignore) using defaults
[0.198s] Level 1:colcon.colcon_core.package_discovery:discover_packages(path) discover
[0.198s] Level 1:colcon.colcon_core.package_discovery:discover_packages(path) using defaults
[0.212s] Level 1:colcon.colcon_core.package_discovery:discover_packages(prefix_path) check parameters
[0.213s] Level 1:colcon.colcon_core.package_discovery:discover_packages(prefix_path) discover
[0.214s] DEBUG:colcon.colcon_installed_package_information.package_discovery:Found 409 installed packages in /opt/ros/humble
[0.224s] Level 1:colcon.colcon_core.package_discovery:discover_packages(prefix_path) using defaults
[0.256s] Level 5:colcon.colcon_core.verb:set package 'nav2_rrt_planner' build argument 'cmake_args' from command line to 'None'
[0.256s] Level 5:colcon.colcon_core.verb:set package 'nav2_rrt_planner' build argument 'cmake_target' from command line to 'None'
[0.256s] Level 5:colcon.colcon_core.verb:set package 'nav2_rrt_planner' build argument 'cmake_target_skip_unavailable' from command line to 'False'
[0.256s] Level 5:colcon.colcon_core.verb:set package 'nav2_rrt_planner' build argument 'cmake_clean_cache' from command line to 'False'
[0.257s] Level 5:colcon.colcon_core.verb:set package 'nav2_rrt_planner' build argument 'cmake_clean_first' from command line to 'False'
[0.257s] Level 5:colcon.colcon_core.verb:set package 'nav2_rrt_planner' build argument 'cmake_force_configure' from command line to 'False'
[0.257s] Level 5:colcon.colcon_core.verb:set package 'nav2_rrt_planner' build argument 'ament_cmake_args' from command line to 'None'
[0.257s] Level 5:colcon.colcon_core.verb:set package 'nav2_rrt_planner' build argument 'catkin_cmake_args' from command line to 'None'
[0.257s] Level 5:colcon.colcon_core.verb:set package 'nav2_rrt_planner' build argument 'catkin_skip_building_tests' from command line to 'False'
[0.257s] DEBUG:colcon.colcon_core.verb:Building package 'nav2_rrt_planner' with the following arguments: {'ament_cmake_args': None, 'build_base': '/home/asuka/Move/nav2_rrt_planner/build/nav2_rrt_planner', 'catkin_cmake_args': None, 'catkin_skip_building_tests': False, 'cmake_args': None, 'cmake_clean_cache': False, 'cmake_clean_first': False, 'cmake_force_configure': False, 'cmake_target': None, 'cmake_target_skip_unavailable': False, 'install_base': '/home/asuka/Move/nav2_rrt_planner/install/nav2_rrt_planner', 'merge_install': False, 'path': '/home/asuka/Move/nav2_rrt_planner', 'symlink_install': True, 'test_result_base': None}
[0.257s] INFO:colcon.colcon_core.executor:Executing jobs using 'parallel' executor
[0.258s] DEBUG:colcon.colcon_parallel_executor.executor.parallel:run_until_complete
[0.258s] INFO:colcon.colcon_ros.task.ament_cmake.build:Building ROS package in '/home/asuka/Move/nav2_rrt_planner' with build type 'ament_cmake'
[0.258s] INFO:colcon.colcon_cmake.task.cmake.build:Building CMake package in '/home/asuka/Move/nav2_rrt_planner'
[0.259s] INFO:colcon.colcon_core.plugin_system:Skipping extension 'colcon_core.shell.bat': Not used on non-Windows systems
[0.259s] INFO:colcon.colcon_core.shell:Skip shell extension 'powershell' for command environment: Not usable outside of PowerShell
[0.259s] DEBUG:colcon.colcon_core.shell:Skip shell extension 'dsv' for command environment
[0.265s] DEBUG:colcon.colcon_core.event_handler.log_command:Invoking command in '/home/asuka/Move/nav2_rrt_planner/build/nav2_rrt_planner': CMAKE_PREFIX_PATH=/opt/ros/humble /usr/bin/cmake --build /home/asuka/Move/nav2_rrt_planner/build/nav2_rrt_planner -- -j20 -l20
[0.320s] DEBUG:colcon.colcon_core.event_handler.log_command:Invoked command in '/home/asuka/Move/nav2_rrt_planner/build/nav2_rrt_planner' returned '0': CMAKE_PREFIX_PATH=/opt/ros/humble /usr/bin/cmake --build /home/asuka/Move/nav2_rrt_planner/build/nav2_rrt_planner -- -j20 -l20
[0.347s] DEBUG:colcon.colcon_core.event_handler.log_command:Invoking command in '/home/asuka/Move/nav2_rrt_planner/build/nav2_rrt_planner': CMAKE_PREFIX_PATH=/opt/ros/humble /usr/bin/cmake --install /home/asuka/Move/nav2_rrt_planner/build/nav2_rrt_planner
[0.364s] Level 1:colcon.colcon_core.environment:create_environment_scripts_only(nav2_rrt_planner)
[0.365s] DEBUG:colcon.colcon_core.event_handler.log_command:Invoked command in '/home/asuka/Move/nav2_rrt_planner/build/nav2_rrt_planner' returned '0': CMAKE_PREFIX_PATH=/opt/ros/humble /usr/bin/cmake --install /home/asuka/Move/nav2_rrt_planner/build/nav2_rrt_planner
[0.366s] Level 1:colcon.colcon_core.environment:checking '/home/asuka/Move/nav2_rrt_planner/install/nav2_rrt_planner' for CMake module files
[0.366s] Level 1:colcon.colcon_core.environment:checking '/home/asuka/Move/nav2_rrt_planner/install/nav2_rrt_planner' for CMake config files
[0.366s] Level 1:colcon.colcon_core.shell:create_environment_hook('nav2_rrt_planner', 'cmake_prefix_path')
[0.366s] INFO:colcon.colcon_core.shell:Creating environment hook '/home/asuka/Move/nav2_rrt_planner/install/nav2_rrt_planner/share/nav2_rrt_planner/hook/cmake_prefix_path.ps1'
[0.367s] INFO:colcon.colcon_core.shell:Creating environment descriptor '/home/asuka/Move/nav2_rrt_planner/install/nav2_rrt_planner/share/nav2_rrt_planner/hook/cmake_prefix_path.dsv'
[0.367s] INFO:colcon.colcon_core.shell:Creating environment hook '/home/asuka/Move/nav2_rrt_planner/install/nav2_rrt_planner/share/nav2_rrt_planner/hook/cmake_prefix_path.sh'
[0.368s] Level 1:colcon.colcon_core.environment:checking '/home/asuka/Move/nav2_rrt_planner/install/nav2_rrt_planner/lib'
[0.368s] Level 1:colcon.colcon_core.shell:create_environment_hook('nav2_rrt_planner', 'ld_library_path_lib')
[0.368s] INFO:colcon.colcon_core.shell:Creating environment hook '/home/asuka/Move/nav2_rrt_planner/install/nav2_rrt_planner/share/nav2_rrt_planner/hook/ld_library_path_lib.ps1'
[0.368s] INFO:colcon.colcon_core.shell:Creating environment descriptor '/home/asuka/Move/nav2_rrt_planner/install/nav2_rrt_planner/share/nav2_rrt_planner/hook/ld_library_path_lib.dsv'
[0.368s] INFO:colcon.colcon_core.shell:Creating environment hook '/home/asuka/Move/nav2_rrt_planner/install/nav2_rrt_planner/share/nav2_rrt_planner/hook/ld_library_path_lib.sh'
[0.368s] Level 1:colcon.colcon_core.environment:checking '/home/asuka/Move/nav2_rrt_planner/install/nav2_rrt_planner/bin'
[0.368s] Level 1:colcon.colcon_core.environment:checking '/home/asuka/Move/nav2_rrt_planner/install/nav2_rrt_planner/lib/pkgconfig/nav2_rrt_planner.pc'
[0.369s] Level 1:colcon.colcon_core.environment:checking '/home/asuka/Move/nav2_rrt_planner/install/nav2_rrt_planner/lib/python3.10/site-packages'
[0.369s] Level 1:colcon.colcon_core.environment:checking '/home/asuka/Move/nav2_rrt_planner/install/nav2_rrt_planner/bin'
[0.369s] INFO:colcon.colcon_core.shell:Creating package script '/home/asuka/Move/nav2_rrt_planner/install/nav2_rrt_planner/share/nav2_rrt_planner/package.ps1'
[0.370s] INFO:colcon.colcon_core.shell:Creating package descriptor '/home/asuka/Move/nav2_rrt_planner/install/nav2_rrt_planner/share/nav2_rrt_planner/package.dsv'
[0.370s] INFO:colcon.colcon_core.shell:Creating package script '/home/asuka/Move/nav2_rrt_planner/install/nav2_rrt_planner/share/nav2_rrt_planner/package.sh'
[0.371s] INFO:colcon.colcon_core.shell:Creating package script '/home/asuka/Move/nav2_rrt_planner/install/nav2_rrt_planner/share/nav2_rrt_planner/package.bash'
[0.372s] INFO:colcon.colcon_core.shell:Creating package script '/home/asuka/Move/nav2_rrt_planner/install/nav2_rrt_planner/share/nav2_rrt_planner/package.zsh'
[0.372s] Level 1:colcon.colcon_core.environment:create_file_with_runtime_dependencies(/home/asuka/Move/nav2_rrt_planner/install/nav2_rrt_planner/share/colcon-core/packages/nav2_rrt_planner)
[0.394s] Level 1:colcon.colcon_core.environment:create_environment_scripts_only(nav2_rrt_planner)
[0.394s] Level 1:colcon.colcon_core.environment:checking '/home/asuka/Move/nav2_rrt_planner/install/nav2_rrt_planner' for CMake module files
[0.394s] Level 1:colcon.colcon_core.environment:checking '/home/asuka/Move/nav2_rrt_planner/install/nav2_rrt_planner' for CMake config files
[0.394s] Level 1:colcon.colcon_core.shell:create_environment_hook('nav2_rrt_planner', 'cmake_prefix_path')
[0.394s] INFO:colcon.colcon_core.shell:Creating environment hook '/home/asuka/Move/nav2_rrt_planner/install/nav2_rrt_planner/share/nav2_rrt_planner/hook/cmake_prefix_path.ps1'
[0.395s] INFO:colcon.colcon_core.shell:Creating environment descriptor '/home/asuka/Move/nav2_rrt_planner/install/nav2_rrt_planner/share/nav2_rrt_planner/hook/cmake_prefix_path.dsv'
[0.395s] INFO:colcon.colcon_core.shell:Creating environment hook '/home/asuka/Move/nav2_rrt_planner/install/nav2_rrt_planner/share/nav2_rrt_planner/hook/cmake_prefix_path.sh'
[0.395s] Level 1:colcon.colcon_core.environment:checking '/home/asuka/Move/nav2_rrt_planner/install/nav2_rrt_planner/lib'
[0.395s] Level 1:colcon.colcon_core.shell:create_environment_hook('nav2_rrt_planner', 'ld_library_path_lib')
[0.395s] INFO:colcon.colcon_core.shell:Creating environment hook '/home/asuka/Move/nav2_rrt_planner/install/nav2_rrt_planner/share/nav2_rrt_planner/hook/ld_library_path_lib.ps1'
[0.395s] INFO:colcon.colcon_core.shell:Creating environment descriptor '/home/asuka/Move/nav2_rrt_planner/install/nav2_rrt_planner/share/nav2_rrt_planner/hook/ld_library_path_lib.dsv'
[0.396s] INFO:colcon.colcon_core.shell:Creating environment hook '/home/asuka/Move/nav2_rrt_planner/install/nav2_rrt_planner/share/nav2_rrt_planner/hook/ld_library_path_lib.sh'
[0.396s] Level 1:colcon.colcon_core.environment:checking '/home/asuka/Move/nav2_rrt_planner/install/nav2_rrt_planner/bin'
[0.396s] Level 1:colcon.colcon_core.environment:checking '/home/asuka/Move/nav2_rrt_planner/install/nav2_rrt_planner/lib/pkgconfig/nav2_rrt_planner.pc'
[0.396s] Level 1:colcon.colcon_core.environment:checking '/home/asuka/Move/nav2_rrt_planner/install/nav2_rrt_planner/lib/python3.10/site-packages'
[0.396s] Level 1:colcon.colcon_core.environment:checking '/home/asuka/Move/nav2_rrt_planner/install/nav2_rrt_planner/bin'
[0.396s] INFO:colcon.colcon_core.shell:Creating package script '/home/asuka/Move/nav2_rrt_planner/install/nav2_rrt_planner/share/nav2_rrt_planner/package.ps1'
[0.397s] INFO:colcon.colcon_core.shell:Creating package descriptor '/home/asuka/Move/nav2_rrt_planner/install/nav2_rrt_planner/share/nav2_rrt_planner/package.dsv'
[0.397s] INFO:colcon.colcon_core.shell:Creating package script '/home/asuka/Move/nav2_rrt_planner/install/nav2_rrt_planner/share/nav2_rrt_planner/package.sh'
[0.397s] INFO:colcon.colcon_core.shell:Creating package script '/home/asuka/Move/nav2_rrt_planner/install/nav2_rrt_planner/share/nav2_rrt_planner/package.bash'
[0.397s] INFO:colcon.colcon_core.shell:Creating package script '/home/asuka/Move/nav2_rrt_planner/install/nav2_rrt_planner/share/nav2_rrt_planner/package.zsh'
[0.397s] Level 1:colcon.colcon_core.environment:create_file_with_runtime_dependencies(/home/asuka/Move/nav2_rrt_planner/install/nav2_rrt_planner/share/colcon-core/packages/nav2_rrt_planner)
[0.398s] DEBUG:colcon.colcon_parallel_executor.executor.parallel:closing loop
[0.398s] DEBUG:colcon.colcon_parallel_executor.executor.parallel:loop closed
[0.398s] DEBUG:colcon.colcon_parallel_executor.executor.parallel:run_until_complete finished with '0'
[0.398s] DEBUG:colcon.colcon_core.event_reactor:joining thread
[0.402s] INFO:colcon.colcon_core.plugin_system:Skipping extension 'colcon_notification.desktop_notification.terminal_notifier': Not used on non-Darwin systems
[0.402s] INFO:colcon.colcon_core.plugin_system:Skipping extension 'colcon_notification.desktop_notification.win32': Not used on non-Windows systems
[0.402s] INFO:colcon.colcon_notification.desktop_notification:Sending desktop notification using 'notify2'
[0.427s] DEBUG:colcon.colcon_core.event_reactor:joined thread
[0.427s] INFO:colcon.colcon_core.shell:Creating prefix script '/home/asuka/Move/nav2_rrt_planner/install/local_setup.ps1'
[0.428s] INFO:colcon.colcon_core.shell:Creating prefix util module '/home/asuka/Move/nav2_rrt_planner/install/_local_setup_util_ps1.py'
[0.429s] INFO:colcon.colcon_core.shell:Creating prefix chain script '/home/asuka/Move/nav2_rrt_planner/install/setup.ps1'
[0.429s] INFO:colcon.colcon_core.shell:Creating prefix script '/home/asuka/Move/nav2_rrt_planner/install/local_setup.sh'
[0.430s] INFO:colcon.colcon_core.shell:Creating prefix util module '/home/asuka/Move/nav2_rrt_planner/install/_local_setup_util_sh.py'
[0.430s] INFO:colcon.colcon_core.shell:Creating prefix chain script '/home/asuka/Move/nav2_rrt_planner/install/setup.sh'
[0.431s] INFO:colcon.colcon_core.shell:Creating prefix script '/home/asuka/Move/nav2_rrt_planner/install/local_setup.bash'
[0.432s] INFO:colcon.colcon_core.shell:Creating prefix chain script '/home/asuka/Move/nav2_rrt_planner/install/setup.bash'
[0.432s] INFO:colcon.colcon_core.shell:Creating prefix script '/home/asuka/Move/nav2_rrt_planner/install/local_setup.zsh'
[0.433s] INFO:colcon.colcon_core.shell:Creating prefix chain script '/home/asuka/Move/nav2_rrt_planner/install/setup.zsh'
