[0.006s] Invoking command in '/home/asuka/Move/nav2_rrt_planner/build/nav2_rrt_planner': CMAKE_PREFIX_PATH=/opt/ros/humble /usr/bin/cmake --build /home/asuka/Move/nav2_rrt_planner/build/nav2_rrt_planner -- -j20 -l20
[0.033s] [35m[1mConsolidate compiler generated dependencies of target nav2_rrt_planner_plugin[0m
[0.046s] [ 50%] [32mBuilding CXX object CMakeFiles/nav2_rrt_planner_plugin.dir/src/RRT_plan.cpp.o[0m
[1.600s] [01m[K/home/asuka/Move/nav2_rrt_planner/src/RRT_plan.cpp:[m[K In function ‘[01m[Kbool nav2_rrt_planner::isValid(int, int, const std::vector<std::vector<int> >&)[m[K’:
[1.600s] [01m[K/home/asuka/Move/nav2_rrt_planner/src/RRT_plan.cpp:99:25:[m[K [01;31m[Kerror: [m[K‘[01m[KmapWidth[m[K’ was not declared in this scope
[1.600s]    99 |       if (x < 0 || x >= [01;31m[KmapWidth[m[K || y < 0 || y >= mapHeight) return false;
[1.600s]       |                         [01;31m[K^~~~~~~~[m[K
[1.603s] [01m[K/home/asuka/Move/nav2_rrt_planner/src/RRT_plan.cpp:99:51:[m[K [01;31m[Kerror: [m[K‘[01m[KmapHeight[m[K’ was not declared in this scope
[1.603s]    99 |       if (x < 0 || x >= mapWidth || y < 0 || y >= [01;31m[KmapHeight[m[K) return false;
[1.603s]       |                                                   [01;31m[K^~~~~~~~~[m[K
[1.605s] [01m[K/home/asuka/Move/nav2_rrt_planner/src/RRT_plan.cpp:100:22:[m[K [01;31m[Kerror: [m[K‘[01m[KcarRadius[m[K’ was not declared in this scope
[1.605s]   100 |       for (int dx = -[01;31m[KcarRadius[m[K; dx <= carRadius; ++dx) {
[1.605s]       |                      [01;31m[K^~~~~~~~~[m[K
[1.607s] [01m[K/home/asuka/Move/nav2_rrt_planner/src/RRT_plan.cpp:105:39:[m[K [01;31m[Kerror: [m[K‘[01m[KmapWidth[m[K’ was not declared in this scope
[1.607s]   105 |                   if (nx < 0 || nx >= [01;31m[KmapWidth[m[K || ny < 0 || ny >= mapHeight || mapA[nx][ny] == 0) {
[1.607s]       |                                       [01;31m[K^~~~~~~~[m[K
[1.609s] [01m[K/home/asuka/Move/nav2_rrt_planner/src/RRT_plan.cpp:105:67:[m[K [01;31m[Kerror: [m[K‘[01m[KmapHeight[m[K’ was not declared in this scope
[1.609s]   105 |             if (nx < 0 || nx >= mapWidth || ny < 0 || ny >= [01;31m[KmapHeight[m[K || mapA[nx][ny] == 0) {
[1.609s]       |                                                             [01;31m[K^~~~~~~~~[m[K
[1.609s] 
[1.615s] [01m[K/home/asuka/Move/nav2_rrt_planner/src/RRT_plan.cpp:[m[K In member function ‘[01m[Kvirtual nav_msgs::msg::Path nav2_rrt_planner::RRTLine::createPlan(const PoseStamped&, const PoseStamped&)[m[K’:
[1.615s] [01m[K/home/asuka/Move/nav2_rrt_planner/src/RRT_plan.cpp:131:30:[m[K [01;31m[Kerror: [m[K‘[01m[KmapWidth[m[K’ was not declared in this scope
[1.615s]   131 |     vector<vector<int>> mapA([01;31m[KmapWidth[m[K, vector<int>(mapHeight));//地图对象
[1.615s]       |                              [01;31m[K^~~~~~~~[m[K
[1.619s] [01m[K/home/asuka/Move/nav2_rrt_planner/src/RRT_plan.cpp:131:52:[m[K [01;31m[Kerror: [m[K‘[01m[KmapHeight[m[K’ was not declared in this scope
[1.619s]   131 |     vector<vector<int>> mapA(mapWidth, vector<int>([01;31m[KmapHeight[m[K));//地图对象
[1.619s]       |                                                    [01;31m[K^~~~~~~~~[m[K
[1.621s] [01m[K/home/asuka/Move/nav2_rrt_planner/src/RRT_plan.cpp:214:32:[m[K [01;35m[Kwarning: [m[Knarrowing conversion of ‘[01m[KnewX[m[K’ from ‘[01m[Kint[m[K’ to ‘[01m[Kdouble[m[K’ [[01;35m[K]8;;https://gcc.gnu.org/onlinedocs/gcc/Warning-Options.html#index-Wnarrowing-Wnarrowing]8;;[m[K]
[1.621s]   214 |       Node* newNode = new Node{[01;35m[KnewX[m[K, newY, cos(theta),sin(theta),nearest};
[1.621s]       |                                [01;35m[K^~~~[m[K
[1.621s] [01m[K/home/asuka/Move/nav2_rrt_planner/src/RRT_plan.cpp:214:38:[m[K [01;35m[Kwarning: [m[Knarrowing conversion of ‘[01m[KnewY[m[K’ from ‘[01m[Kint[m[K’ to ‘[01m[Kdouble[m[K’ [[01;35m[K]8;;https://gcc.gnu.org/onlinedocs/gcc/Warning-Options.html#index-Wnarrowing-Wnarrowing]8;;[m[K]
[1.621s]   214 |       Node* newNode = new Node{newX, [01;35m[KnewY[m[K, cos(theta),sin(theta),nearest};
[1.621s]       |                                      [01;35m[K^~~~[m[K
[2.332s] gmake[2]: *** [CMakeFiles/nav2_rrt_planner_plugin.dir/build.make:76: CMakeFiles/nav2_rrt_planner_plugin.dir/src/RRT_plan.cpp.o] Error 1
[2.332s] gmake[1]: *** [CMakeFiles/Makefile2:137: CMakeFiles/nav2_rrt_planner_plugin.dir/all] Error 2
[2.332s] gmake: *** [Makefile:146: all] Error 2
[2.335s] Invoked command in '/home/asuka/Move/nav2_rrt_planner/build/nav2_rrt_planner' returned '2': CMAKE_PREFIX_PATH=/opt/ros/humble /usr/bin/cmake --build /home/asuka/Move/nav2_rrt_planner/build/nav2_rrt_planner -- -j20 -l20
