[0.005s] Invoking command in '/home/pan/experiment_2/nav2_astar_planner/build/nav2_straightline_planner': CMAKE_PREFIX_PATH=/opt/ros/humble /usr/bin/cmake --build /home/pan/experiment_2/nav2_astar_planner/build/nav2_straightline_planner -- -j20 -l20
[0.034s] [35m[1mConsolidate compiler generated dependencies of target nav2_straightline_planner_plugin[0m
[0.056s] [ 50%] [32mBuilding CXX object CMakeFiles/nav2_straightline_planner_plugin.dir/src/straight_line_planner.cpp.o[0m
[1.542s] [01m[K/home/pan/experiment_2/nav2_astar_planner/src/straight_line_planner.cpp:[m[K In member function ‘[01m[Kvirtual nav_msgs::msg::Path nav2_straightline_planner::StraightLine::createPlan(const PoseStamped&, const PoseStamped&)[m[K’:
[1.542s] [01m[K/home/pan/experiment_2/nav2_astar_planner/src/straight_line_planner.cpp:287:41:[m[K [01;31m[Kerror: [m[Kcannot bind non-const lvalue reference of type ‘[01m[Kunsigned int&[m[K’ to a value of type ‘[01m[Kint[m[K’
[1.542s]   287 |       if (!costmap_->worldToMap(wx, wy, [01;31m[Knx[m[K, ny) || costmap_->getCost(nx, ny) >= nav2_costmap_2d::INSCRIBED_INFLATED_OBSTACLE) {
[1.542s]       |                                         [01;31m[K^~[m[K
[1.542s] In file included from [01m[K/opt/ros/humble/include/nav2_costmap_2d/nav2_costmap_2d/costmap_2d_publisher.hpp:47[m[K,
[1.543s]                  from [01m[K/opt/ros/humble/include/nav2_costmap_2d/nav2_costmap_2d/costmap_2d_ros.hpp:48[m[K,
[1.543s]                  from [01m[K/opt/ros/humble/include/nav2_core/global_planner.hpp:21[m[K,
[1.543s]                  from [01m[K/home/pan/experiment_2/nav2_astar_planner/include/nav2_straightline_planner/straight_line_planner.hpp:51[m[K,
[1.543s]                  from [01m[K/home/pan/experiment_2/nav2_astar_planner/src/straight_line_planner.cpp:156[m[K:
[1.543s] [01m[K/opt/ros/humble/include/nav2_costmap_2d/nav2_costmap_2d/costmap_2d.hpp:184:56:[m[K [01;36m[Knote: [m[K  initializing argument 3 of ‘[01m[Kbool nav2_costmap_2d::Costmap2D::worldToMap(double, double, unsigned int&, unsigned int&) const[m[K’
[1.543s]   184 |   bool worldToMap(double wx, double wy, [01;36m[Kunsigned int & mx[m[K, unsigned int & my) const;
[1.543s]       |                                         [01;36m[K~~~~~~~~~~~~~~~^~[m[K
[2.084s] In file included from [01m[K/usr/include/c++/11/bits/unique_ptr.h:37[m[K,
[2.084s]                  from [01m[K/usr/include/c++/11/memory:76[m[K,
[2.084s]                  from [01m[K/home/pan/experiment_2/nav2_astar_planner/src/straight_line_planner.cpp:151[m[K:
[2.084s] /usr/include/c++/11/tuple: In instantiation of ‘[01m[Kstd::pair<_T1, _T2>::pair(std::tuple<_Args1 ...>&, std::tuple<_Args2 ...>&, std::_Index_tuple<_Indexes1 ...>, std::_Index_tuple<_Indexes2 ...>) [with _Args1 = {const int&}; long unsigned int ..._Indexes1 = {0}; _Args2 = {}; long unsigned int ..._Indexes2 = {}; _T1 = const int; _T2 = nav2_straightline_planner::Node][m[K’:
[2.084s] [01m[K/usr/include/c++/11/tuple:1809:63:[m[K   required from ‘[01m[Kstd::pair<_T1, _T2>::pair(std::piecewise_construct_t, std::tuple<_Args1 ...>, std::tuple<_Args2 ...>) [with _Args1 = {const int&}; _Args2 = {}; _T1 = const int; _T2 = nav2_straightline_planner::Node][m[K’
[2.084s] [01m[K/usr/include/c++/11/ext/new_allocator.h:162:4:[m[K   required from ‘[01m[Kvoid __gnu_cxx::new_allocator<_Tp>::construct(_Up*, _Args&& ...) [with _Up = std::pair<const int, nav2_straightline_planner::Node>; _Args = {const std::piecewise_construct_t&, std::tuple<const int&>, std::tuple<>}; _Tp = std::__detail::_Hash_node<std::pair<const int, nav2_straightline_planner::Node>, false>][m[K’
[2.084s] [01m[K/usr/include/c++/11/bits/alloc_traits.h:516:17:[m[K   required from ‘[01m[Kstatic void std::allocator_traits<std::allocator<_CharT> >::construct(std::allocator_traits<std::allocator<_CharT> >::allocator_type&, _Up*, _Args&& ...) [with _Up = std::pair<const int, nav2_straightline_planner::Node>; _Args = {const std::piecewise_construct_t&, std::tuple<const int&>, std::tuple<>}; _Tp = std::__detail::_Hash_node<std::pair<const int, nav2_straightline_planner::Node>, false>; std::allocator_traits<std::allocator<_CharT> >::allocator_type = std::allocator<std::__detail::_Hash_node<std::pair<const int, nav2_straightline_planner::Node>, false> >][m[K’
[2.084s] [01m[K/usr/include/c++/11/bits/hashtable_policy.h:1878:36:[m[K   required from ‘[01m[Kstd::__detail::_Hashtable_alloc<_NodeAlloc>::__node_type* std::__detail::_Hashtable_alloc<_NodeAlloc>::_M_allocate_node(_Args&& ...) [with _Args = {const std::piecewise_construct_t&, std::tuple<const int&>, std::tuple<>}; _NodeAlloc = std::allocator<std::__detail::_Hash_node<std::pair<const int, nav2_straightline_planner::Node>, false> >; std::__detail::_Hashtable_alloc<_NodeAlloc>::__node_ptr = std::allocator<std::__detail::_Hash_node<std::pair<const int, nav2_straightline_planner::Node>, false> >::value_type*][m[K’
[2.084s] [01m[K/usr/include/c++/11/bits/hashtable.h:304:35:[m[K   required from ‘[01m[Kstd::_Hashtable<_Key, _Value, _Alloc, _ExtractKey, _Equal, _Hash, _RangeHash, _Unused, _RehashPolicy, _Traits>::_Scoped_node::_Scoped_node(std::_Hashtable<_Key, _Value, _Alloc, _ExtractKey, _Equal, _Hash, _RangeHash, _Unused, _RehashPolicy, _Traits>::__hashtable_alloc*, _Args&& ...) [with _Args = {const std::piecewise_construct_t&, std::tuple<const int&>, std::tuple<>}; _Key = int; _Value = std::pair<const int, nav2_straightline_planner::Node>; _Alloc = std::allocator<std::pair<const int, nav2_straightline_planner::Node> >; _ExtractKey = std::__detail::_Select1st; _Equal = std::equal_to<int>; _Hash = std::hash<int>; _RangeHash = std::__detail::_Mod_range_hashing; _Unused = std::__detail::_Default_ranged_hash; _RehashPolicy = std::__detail::_Prime_rehash_policy; _Traits = std::__detail::_Hashtable_traits<false, false, true>; std::_Hashtable<_Key, _Value, _Alloc, _ExtractKey, _Equal, _Hash, _RangeHash, _Unused, _RehashPolicy, _Traits>::__hashtable_alloc = std::_Hashtable<int, std::pair<const int, nav2_straightline_planner::Node>, std::allocator<std::pair<const int, nav2_straightline_planner::Node> >, std::__detail::_Select1st, std::equal_to<int>, std::hash<int>, std::__detail::_Mod_range_hashing, std::__detail::_Default_ranged_hash, std::__detail::_Prime_rehash_policy, std::__detail::_Hashtable_traits<false, false, true> >::__hashtable_alloc][m[K’
[2.084s] [01m[K/usr/include/c++/11/bits/hashtable_policy.h:707:42:[m[K   required from ‘[01m[Kstd::__detail::_Map_base<_Key, _Pair, _Alloc, std::__detail::_Select1st, _Equal, _Hash, _RangeHash, _Unused, _RehashPolicy, _Traits, true>::mapped_type& std::__detail::_Map_base<_Key, _Pair, _Alloc, std::__detail::_Select1st, _Equal, _Hash, _RangeHash, _Unused, _RehashPolicy, _Traits, true>::operator[](const key_type&) [with _Key = int; _Pair = std::pair<const int, nav2_straightline_planner::Node>; _Alloc = std::allocator<std::pair<const int, nav2_straightline_planner::Node> >; _Equal = std::equal_to<int>; _Hash = std::hash<int>; _RangeHash = std::__detail::_Mod_range_hashing; _Unused = std::__detail::_Default_ranged_hash; _RehashPolicy = std::__detail::_Prime_rehash_policy; _Traits = std::__detail::_Hashtable_traits<false, false, true>; std::__detail::_Map_base<_Key, _Pair, _Alloc, std::__detail::_Select1st, _Equal, _Hash, _RangeHash, _Unused, _RehashPolicy, _Traits, true>::mapped_type = nav2_straightline_planner::Node; std::__detail::_Map_base<_Key, _Pair, _Alloc, std::__detail::_Select1st, _Equal, _Hash, _RangeHash, _Unused, _RehashPolicy, _Traits, true>::key_type = int][m[K’
[2.084s] [01m[K/usr/include/c++/11/bits/unordered_map.h:980:20:[m[K   required from ‘[01m[Kstd::unordered_map<_Key, _Tp, _Hash, _Pred, _Alloc>::mapped_type& std::unordered_map<_Key, _Tp, _Hash, _Pred, _Alloc>::operator[](const key_type&) [with _Key = int; _Tp = nav2_straightline_planner::Node; _Hash = std::hash<int>; _Pred = std::equal_to<int>; _Alloc = std::allocator<std::pair<const int, nav2_straightline_planner::Node> >; std::unordered_map<_Key, _Tp, _Hash, _Pred, _Alloc>::mapped_type = nav2_straightline_planner::Node; std::unordered_map<_Key, _Tp, _Hash, _Pred, _Alloc>::key_type = int][m[K’
[2.084s] [01m[K/home/pan/experiment_2/nav2_astar_planner/src/straight_line_planner.cpp:254:22:[m[K   required from here
[2.084s] [01m[K/usr/include/c++/11/tuple:1820:9:[m[K [01;31m[Kerror: [m[Kno matching function for call to ‘[01m[Knav2_straightline_planner::Node::Node()[m[K’
[2.084s]  1820 |         [01;31m[Ksecond(std::forward<_Args2>(std::get<_Indexes2>(__tuple2))...)[m[K
[2.084s]       |         [01;31m[K^~~~~~~~~~~~~~~~~~~~~~~~~~~~~~~~~~~~~~~~~~~~~~~~~~~~~~~~~~~~~~[m[K
[2.084s] [01m[K/home/pan/experiment_2/nav2_astar_planner/src/straight_line_planner.cpp:168:3:[m[K [01;36m[Knote: [m[Kcandidate: ‘[01m[Knav2_straightline_planner::Node::Node(int, int, double, double, nav2_straightline_planner::Node*)[m[K’
[2.084s]   168 |   [01;36m[KNode[m[K(int x_, int y_, double g, double f, Node *p = nullptr)
[2.084s]       |   [01;36m[K^~~~[m[K
[2.084s] [01m[K/home/pan/experiment_2/nav2_astar_planner/src/straight_line_planner.cpp:168:3:[m[K [01;36m[Knote: [m[K  candidate expects 5 arguments, 0 provided
[2.085s] [01m[K/home/pan/experiment_2/nav2_astar_planner/src/straight_line_planner.cpp:161:8:[m[K [01;36m[Knote: [m[Kcandidate: ‘[01m[Kconstexpr nav2_straightline_planner::Node::Node(const nav2_straightline_planner::Node&)[m[K’
[2.085s]   161 | struct [01;36m[KNode[m[K {
[2.085s]       |        [01;36m[K^~~~[m[K
[2.085s] [01m[K/home/pan/experiment_2/nav2_astar_planner/src/straight_line_planner.cpp:161:8:[m[K [01;36m[Knote: [m[K  candidate expects 1 argument, 0 provided
[2.085s] [01m[K/home/pan/experiment_2/nav2_astar_planner/src/straight_line_planner.cpp:161:8:[m[K [01;36m[Knote: [m[Kcandidate: ‘[01m[Kconstexpr nav2_straightline_planner::Node::Node(nav2_straightline_planner::Node&&)[m[K’
[2.085s] [01m[K/home/pan/experiment_2/nav2_astar_planner/src/straight_line_planner.cpp:161:8:[m[K [01;36m[Knote: [m[K  candidate expects 1 argument, 0 provided
[2.085s] In file included from [01m[K/usr/include/c++/11/bits/unique_ptr.h:37[m[K,
[2.085s]                  from [01m[K/usr/include/c++/11/memory:76[m[K,
[2.085s]                  from [01m[K/home/pan/experiment_2/nav2_astar_planner/src/straight_line_planner.cpp:151[m[K:
[2.085s] /usr/include/c++/11/tuple: In instantiation of ‘[01m[Kstd::pair<_T1, _T2>::pair(std::tuple<_Args1 ...>&, std::tuple<_Args2 ...>&, std::_Index_tuple<_Indexes1 ...>, std::_Index_tuple<_Indexes2 ...>) [with _Args1 = {int&&}; long unsigned int ..._Indexes1 = {0}; _Args2 = {}; long unsigned int ..._Indexes2 = {}; _T1 = const int; _T2 = nav2_straightline_planner::Node][m[K’:
[2.085s] [01m[K/usr/include/c++/11/tuple:1809:63:[m[K   required from ‘[01m[Kstd::pair<_T1, _T2>::pair(std::piecewise_construct_t, std::tuple<_Args1 ...>, std::tuple<_Args2 ...>) [with _Args1 = {int&&}; _Args2 = {}; _T1 = const int; _T2 = nav2_straightline_planner::Node][m[K’
[2.085s] [01m[K/usr/include/c++/11/ext/new_allocator.h:162:4:[m[K   required from ‘[01m[Kvoid __gnu_cxx::new_allocator<_Tp>::construct(_Up*, _Args&& ...) [with _Up = std::pair<const int, nav2_straightline_planner::Node>; _Args = {const std::piecewise_construct_t&, std::tuple<int&&>, std::tuple<>}; _Tp = std::__detail::_Hash_node<std::pair<const int, nav2_straightline_planner::Node>, false>][m[K’
[2.085s] [01m[K/usr/include/c++/11/bits/alloc_traits.h:516:17:[m[K   required from ‘[01m[Kstatic void std::allocator_traits<std::allocator<_CharT> >::construct(std::allocator_traits<std::allocator<_CharT> >::allocator_type&, _Up*, _Args&& ...) [with _Up = std::pair<const int, nav2_straightline_planner::Node>; _Args = {const std::piecewise_construct_t&, std::tuple<int&&>, std::tuple<>}; _Tp = std::__detail::_Hash_node<std::pair<const int, nav2_straightline_planner::Node>, false>; std::allocator_traits<std::allocator<_CharT> >::allocator_type = std::allocator<std::__detail::_Hash_node<std::pair<const int, nav2_straightline_planner::Node>, false> >][m[K’
[2.085s] [01m[K/usr/include/c++/11/bits/hashtable_policy.h:1878:36:[m[K   required from ‘[01m[Kstd::__detail::_Hashtable_alloc<_NodeAlloc>::__node_type* std::__detail::_Hashtable_alloc<_NodeAlloc>::_M_allocate_node(_Args&& ...) [with _Args = {const std::piecewise_construct_t&, std::tuple<int&&>, std::tuple<>}; _NodeAlloc = std::allocator<std::__detail::_Hash_node<std::pair<const int, nav2_straightline_planner::Node>, false> >; std::__detail::_Hashtable_alloc<_NodeAlloc>::__node_ptr = std::allocator<std::__detail::_Hash_node<std::pair<const int, nav2_straightline_planner::Node>, false> >::value_type*][m[K’
[2.085s] [01m[K/usr/include/c++/11/bits/hashtable.h:304:35:[m[K   required from ‘[01m[Kstd::_Hashtable<_Key, _Value, _Alloc, _ExtractKey, _Equal, _Hash, _RangeHash, _Unused, _RehashPolicy, _Traits>::_Scoped_node::_Scoped_node(std::_Hashtable<_Key, _Value, _Alloc, _ExtractKey, _Equal, _Hash, _RangeHash, _Unused, _RehashPolicy, _Traits>::__hashtable_alloc*, _Args&& ...) [with _Args = {const std::piecewise_construct_t&, std::tuple<int&&>, std::tuple<>}; _Key = int; _Value = std::pair<const int, nav2_straightline_planner::Node>; _Alloc = std::allocator<std::pair<const int, nav2_straightline_planner::Node> >; _ExtractKey = std::__detail::_Select1st; _Equal = std::equal_to<int>; _Hash = std::hash<int>; _RangeHash = std::__detail::_Mod_range_hashing; _Unused = std::__detail::_Default_ranged_hash; _RehashPolicy = std::__detail::_Prime_rehash_policy; _Traits = std::__detail::_Hashtable_traits<false, false, true>; std::_Hashtable<_Key, _Value, _Alloc, _ExtractKey, _Equal, _Hash, _RangeHash, _Unused, _RehashPolicy, _Traits>::__hashtable_alloc = std::_Hashtable<int, std::pair<const int, nav2_straightline_planner::Node>, std::allocator<std::pair<const int, nav2_straightline_planner::Node> >, std::__detail::_Select1st, std::equal_to<int>, std::hash<int>, std::__detail::_Mod_range_hashing, std::__detail::_Default_ranged_hash, std::__detail::_Prime_rehash_policy, std::__detail::_Hashtable_traits<false, false, true> >::__hashtable_alloc][m[K’
[2.085s] [01m[K/usr/include/c++/11/bits/hashtable_policy.h:734:42:[m[K   required from ‘[01m[Kstd::__detail::_Map_base<_Key, _Pair, _Alloc, std::__detail::_Select1st, _Equal, _Hash, _RangeHash, _Unused, _RehashPolicy, _Traits, true>::mapped_type& std::__detail::_Map_base<_Key, _Pair, _Alloc, std::__detail::_Select1st, _Equal, _Hash, _RangeHash, _Unused, _RehashPolicy, _Traits, true>::operator[](std::__detail::_Map_base<_Key, _Pair, _Alloc, std::__detail::_Select1st, _Equal, _Hash, _RangeHash, _Unused, _RehashPolicy, _Traits, true>::key_type&&) [with _Key = int; _Pair = std::pair<const int, nav2_straightline_planner::Node>; _Alloc = std::allocator<std::pair<const int, nav2_straightline_planner::Node> >; _Equal = std::equal_to<int>; _Hash = std::hash<int>; _RangeHash = std::__detail::_Mod_range_hashing; _Unused = std::__detail::_Default_ranged_hash; _RehashPolicy = std::__detail::_Prime_rehash_policy; _Traits = std::__detail::_Hashtable_traits<false, false, true>; std::__detail::_Map_base<_Key, _Pair, _Alloc, std::__detail::_Select1st, _Equal, _Hash, _RangeHash, _Unused, _RehashPolicy, _Traits, true>::mapped_type = nav2_straightline_planner::Node; std::__detail::_Map_base<_Key, _Pair, _Alloc, std::__detail::_Select1st, _Equal, _Hash, _RangeHash, _Unused, _RehashPolicy, _Traits, true>::key_type = int][m[K’
[2.085s] [01m[K/usr/include/c++/11/bits/unordered_map.h:984:20:[m[K   required from ‘[01m[Kstd::unordered_map<_Key, _Tp, _Hash, _Pred, _Alloc>::mapped_type& std::unordered_map<_Key, _Tp, _Hash, _Pred, _Alloc>::operator[](std::unordered_map<_Key, _Tp, _Hash, _Pred, _Alloc>::key_type&&) [with _Key = int; _Tp = nav2_straightline_planner::Node; _Hash = std::hash<int>; _Pred = std::equal_to<int>; _Alloc = std::allocator<std::pair<const int, nav2_straightline_planner::Node> >; std::unordered_map<_Key, _Tp, _Hash, _Pred, _Alloc>::mapped_type = nav2_straightline_planner::Node; std::unordered_map<_Key, _Tp, _Hash, _Pred, _Alloc>::key_type = int][m[K’
[2.085s] [01m[K/home/pan/experiment_2/nav2_astar_planner/src/straight_line_planner.cpp:296:109:[m[K   required from here
[2.085s] [01m[K/usr/include/c++/11/tuple:1820:9:[m[K [01;31m[Kerror: [m[Kno matching function for call to ‘[01m[Knav2_straightline_planner::Node::Node()[m[K’
[2.085s]  1820 |         [01;31m[Ksecond(std::forward<_Args2>(std::get<_Indexes2>(__tuple2))...)[m[K
[2.085s]       |         [01;31m[K^~~~~~~~~~~~~~~~~~~~~~~~~~~~~~~~~~~~~~~~~~~~~~~~~~~~~~~~~~~~~~[m[K
[2.085s] [01m[K/home/pan/experiment_2/nav2_astar_planner/src/straight_line_planner.cpp:168:3:[m[K [01;36m[Knote: [m[Kcandidate: ‘[01m[Knav2_straightline_planner::Node::Node(int, int, double, double, nav2_straightline_planner::Node*)[m[K’
[2.085s]   168 |   [01;36m[KNode[m[K(int x_, int y_, double g, double f, Node *p = nullptr)
[2.085s]       |   [01;36m[K^~~~[m[K
[2.085s] [01m[K/home/pan/experiment_2/nav2_astar_planner/src/straight_line_planner.cpp:168:3:[m[K [01;36m[Knote: [m[K  candidate expects 5 arguments, 0 provided
[2.085s] [01m[K/home/pan/experiment_2/nav2_astar_planner/src/straight_line_planner.cpp:161:8:[m[K [01;36m[Knote: [m[Kcandidate: ‘[01m[Kconstexpr nav2_straightline_planner::Node::Node(const nav2_straightline_planner::Node&)[m[K’
[2.085s]   161 | struct [01;36m[KNode[m[K {
[2.085s]       |        [01;36m[K^~~~[m[K
[2.085s] [01m[K/home/pan/experiment_2/nav2_astar_planner/src/straight_line_planner.cpp:161:8:[m[K [01;36m[Knote: [m[K  candidate expects 1 argument, 0 provided
[2.085s] [01m[K/home/pan/experiment_2/nav2_astar_planner/src/straight_line_planner.cpp:161:8:[m[K [01;36m[Knote: [m[Kcandidate: ‘[01m[Kconstexpr nav2_straightline_planner::Node::Node(nav2_straightline_planner::Node&&)[m[K’
[2.085s] [01m[K/home/pan/experiment_2/nav2_astar_planner/src/straight_line_planner.cpp:161:8:[m[K [01;36m[Knote: [m[K  candidate expects 1 argument, 0 provided
[2.242s] gmake[2]: *** [CMakeFiles/nav2_straightline_planner_plugin.dir/build.make:76：CMakeFiles/nav2_straightline_planner_plugin.dir/src/straight_line_planner.cpp.o] 错误 1
[2.242s] gmake[1]: *** [CMakeFiles/Makefile2:137：CMakeFiles/nav2_straightline_planner_plugin.dir/all] 错误 2
[2.242s] gmake: *** [Makefile:146：all] 错误 2
[2.245s] Invoked command in '/home/pan/experiment_2/nav2_astar_planner/build/nav2_straightline_planner' returned '2': CMAKE_PREFIX_PATH=/opt/ros/humble /usr/bin/cmake --build /home/pan/experiment_2/nav2_astar_planner/build/nav2_straightline_planner -- -j20 -l20
