[0.008s] Invoking command in '/home/asuka/Move/nav2_rrt_planner/build/nav2_rrt_planner': CMAKE_PREFIX_PATH=${CMAKE_PREFIX_PATH}:/opt/ros/humble /usr/bin/cmake --build /home/asuka/Move/nav2_rrt_planner/build/nav2_rrt_planner -- -j20 -l20
[0.046s] [35m[1mConsolidate compiler generated dependencies of target nav2_rrt_planner_plugin[0m
[0.060s] [100%] Built target nav2_rrt_planner_plugin
[0.068s] Invoked command in '/home/asuka/Move/nav2_rrt_planner/build/nav2_rrt_planner' returned '0': CMAKE_PREFIX_PATH=${CMAKE_PREFIX_PATH}:/opt/ros/humble /usr/bin/cmake --build /home/asuka/Move/nav2_rrt_planner/build/nav2_rrt_planner -- -j20 -l20
[0.096s] Invoking command in '/home/asuka/Move/nav2_rrt_planner/build/nav2_rrt_planner': CMAKE_PREFIX_PATH=${CMAKE_PREFIX_PATH}:/opt/ros/humble /usr/bin/cmake --install /home/asuka/Move/nav2_rrt_planner/build/nav2_rrt_planner
[0.101s] -- Install configuration: ""
[0.101s] -- Execute custom install script
[0.101s] -- Up-to-date symlink: /home/asuka/Move/nav2_rrt_planner/install/nav2_rrt_planner/share/nav2_rrt_planner//global_planner_plugin.xml
[0.101s] -- Up-to-date symlink: /home/asuka/Move/nav2_rrt_planner/install/nav2_rrt_planner/lib/libnav2_rrt_planner_plugin.so
[0.102s] -- Up-to-date symlink: /home/asuka/Move/nav2_rrt_planner/install/nav2_rrt_planner/include//nav2_rrt_planner/rrt_planner.hpp
[0.102s] -- Up-to-date symlink: /home/asuka/Move/nav2_rrt_planner/install/nav2_rrt_planner/share/nav2_rrt_planner/global_planner_plugin.xml
[0.102s] -- Up-to-date symlink: /home/asuka/Move/nav2_rrt_planner/install/nav2_rrt_planner/share/nav2_rrt_planner/environment/library_path.sh
[0.102s] -- Up-to-date symlink: /home/asuka/Move/nav2_rrt_planner/install/nav2_rrt_planner/share/nav2_rrt_planner/environment/library_path.dsv
[0.102s] -- Up-to-date symlink: /home/asuka/Move/nav2_rrt_planner/install/nav2_rrt_planner/share/ament_index/resource_index/package_run_dependencies/nav2_rrt_planner
[0.102s] -- Up-to-date symlink: /home/asuka/Move/nav2_rrt_planner/install/nav2_rrt_planner/share/ament_index/resource_index/parent_prefix_path/nav2_rrt_planner
[0.102s] -- Up-to-date symlink: /home/asuka/Move/nav2_rrt_planner/install/nav2_rrt_planner/share/nav2_rrt_planner/environment/ament_prefix_path.sh
[0.102s] -- Up-to-date symlink: /home/asuka/Move/nav2_rrt_planner/install/nav2_rrt_planner/share/nav2_rrt_planner/environment/ament_prefix_path.dsv
[0.102s] -- Up-to-date symlink: /home/asuka/Move/nav2_rrt_planner/install/nav2_rrt_planner/share/nav2_rrt_planner/environment/path.sh
[0.102s] -- Up-to-date symlink: /home/asuka/Move/nav2_rrt_planner/install/nav2_rrt_planner/share/nav2_rrt_planner/environment/path.dsv
[0.103s] -- Up-to-date symlink: /home/asuka/Move/nav2_rrt_planner/install/nav2_rrt_planner/share/nav2_rrt_planner/local_setup.bash
[0.103s] -- Up-to-date symlink: /home/asuka/Move/nav2_rrt_planner/install/nav2_rrt_planner/share/nav2_rrt_planner/local_setup.sh
[0.103s] -- Up-to-date symlink: /home/asuka/Move/nav2_rrt_planner/install/nav2_rrt_planner/share/nav2_rrt_planner/local_setup.zsh
[0.103s] -- Up-to-date symlink: /home/asuka/Move/nav2_rrt_planner/install/nav2_rrt_planner/share/nav2_rrt_planner/local_setup.dsv
[0.103s] -- Symlinking: /home/asuka/Move/nav2_rrt_planner/install/nav2_rrt_planner/share/nav2_rrt_planner/package.dsv
[0.112s] -- Up-to-date symlink: /home/asuka/Move/nav2_rrt_planner/install/nav2_rrt_planner/share/ament_index/resource_index/packages/nav2_rrt_planner
[0.112s] -- Up-to-date symlink: /home/asuka/Move/nav2_rrt_planner/install/nav2_rrt_planner/share/ament_index/resource_index/nav2_core__pluginlib__plugin/nav2_rrt_planner
[0.112s] -- Up-to-date symlink: /home/asuka/Move/nav2_rrt_planner/install/nav2_rrt_planner/share/nav2_rrt_planner/cmake/ament_cmake_export_include_directories-extras.cmake
[0.113s] -- Up-to-date symlink: /home/asuka/Move/nav2_rrt_planner/install/nav2_rrt_planner/share/nav2_rrt_planner/cmake/ament_cmake_export_libraries-extras.cmake
[0.113s] -- Up-to-date symlink: /home/asuka/Move/nav2_rrt_planner/install/nav2_rrt_planner/share/nav2_rrt_planner/cmake/ament_cmake_export_dependencies-extras.cmake
[0.113s] -- Up-to-date symlink: /home/asuka/Move/nav2_rrt_planner/install/nav2_rrt_planner/share/nav2_rrt_planner/cmake/nav2_rrt_plannerConfig.cmake
[0.113s] -- Up-to-date symlink: /home/asuka/Move/nav2_rrt_planner/install/nav2_rrt_planner/share/nav2_rrt_planner/cmake/nav2_rrt_plannerConfig-version.cmake
[0.113s] -- Up-to-date symlink: /home/asuka/Move/nav2_rrt_planner/install/nav2_rrt_planner/share/nav2_rrt_planner/package.xml
[0.114s] Invoked command in '/home/asuka/Move/nav2_rrt_planner/build/nav2_rrt_planner' returned '0': CMAKE_PREFIX_PATH=${CMAKE_PREFIX_PATH}:/opt/ros/humble /usr/bin/cmake --install /home/asuka/Move/nav2_rrt_planner/build/nav2_rrt_planner
