[0.006s] Invoking command in '/home/pan/experiment_2/nav2_astar_planner/build/nav2_straightline_planner': CMAKE_PREFIX_PATH=/opt/ros/humble /usr/bin/cmake /home/pan/experiment_2/nav2_astar_planner -DAMENT_CMAKE_SYMLINK_INSTALL=1 -DCMAKE_INSTALL_PREFIX=/home/pan/experiment_2/nav2_astar_planner/install/nav2_straightline_planner
[0.089s] -- The C compiler identification is GNU 11.4.0
[0.148s] -- The CXX compiler identification is GNU 11.4.0
[0.154s] -- Detecting C compiler ABI info
[0.197s] -- Detecting C compiler ABI info - done
[0.203s] -- Check for working C compiler: /usr/bin/cc - skipped
[0.204s] -- Detecting C compile features
[0.204s] -- Detecting C compile features - done
[0.206s] -- Detecting CXX compiler ABI info
[0.272s] -- Detecting CXX compiler ABI info - done
[0.277s] -- Check for working CXX compiler: /usr/bin/c++ - skipped
[0.277s] -- Detecting CXX compile features
[0.278s] -- Detecting CXX compile features - done
[0.280s] -- Found ament_cmake: 1.3.9 (/opt/ros/humble/share/ament_cmake/cmake)
[0.384s] -- Found Python3: /usr/bin/python3 (found version "3.10.12") found components: Interpreter 
[0.425s] -- Override CMake install command with custom implementation using symlinks instead of copying resources
[0.448s] -- Found rclcpp: 16.0.9 (/opt/ros/humble/share/rclcpp/cmake)
[0.480s] -- Found rosidl_generator_c: 3.1.5 (/opt/ros/humble/share/rosidl_generator_c/cmake)
[0.483s] -- Found rosidl_adapter: 3.1.5 (/opt/ros/humble/share/rosidl_adapter/cmake)
[0.490s] -- Found rosidl_generator_cpp: 3.1.5 (/opt/ros/humble/share/rosidl_generator_cpp/cmake)
[0.500s] -- Using all available rosidl_typesupport_c: rosidl_typesupport_fastrtps_c;rosidl_typesupport_introspection_c
[0.512s] -- Using all available rosidl_typesupport_cpp: rosidl_typesupport_fastrtps_cpp;rosidl_typesupport_introspection_cpp
[0.557s] -- Found rmw_implementation_cmake: 6.1.2 (/opt/ros/humble/share/rmw_implementation_cmake/cmake)
[0.560s] -- Found rmw_fastrtps_cpp: 6.2.6 (/opt/ros/humble/share/rmw_fastrtps_cpp/cmake)
[0.616s] -- Found OpenSSL: /usr/lib/x86_64-linux-gnu/libcrypto.so (found version "3.0.2")  
[0.631s] -- Found FastRTPS: /opt/ros/humble/include  
[0.655s] -- Using RMW implementation 'rmw_fastrtps_cpp' as default
[0.662s] -- Looking for pthread.h
[0.716s] -- Looking for pthread.h - found
[0.716s] -- Performing Test CMAKE_HAVE_LIBC_PTHREAD
[0.777s] -- Performing Test CMAKE_HAVE_LIBC_PTHREAD - Success
[0.777s] -- Found Threads: TRUE  
[0.884s] -- Found rclcpp_action: 16.0.9 (/opt/ros/humble/share/rclcpp_action/cmake)
[0.949s] -- Found rclcpp_lifecycle: 16.0.9 (/opt/ros/humble/share/rclcpp_lifecycle/cmake)
[0.978s] -- Found visualization_msgs: 4.2.4 (/opt/ros/humble/share/visualization_msgs/cmake)
[1.151s] -- Found nav2_util: 1.1.15 (/opt/ros/humble/share/nav2_util/cmake)
[1.523s] -- Found eigen3_cmake_module: 0.1.1 (/opt/ros/humble/share/eigen3_cmake_module/cmake)
[1.525s] -- Found Eigen3: TRUE (found version "3.4.0") 
[1.525s] -- Ensuring Eigen3 include directory is part of orocos-kdl CMake target
[1.639s] -- Found nav2_costmap_2d: 1.1.15 (/opt/ros/humble/share/nav2_costmap_2d/cmake)
[2.093s] -- Found nav2_core: 1.1.15 (/opt/ros/humble/share/nav2_core/cmake)
[3.466s] -- Found ament_lint_auto: 0.12.11 (/opt/ros/humble/share/ament_lint_auto/cmake)
[3.524s] -- Added test 'copyright' to check source files copyright and LICENSE
[3.526s] -- Added test 'cppcheck' to perform static code analysis on C / C++ code
[3.526s] -- Configured cppcheck include dirs: /home/pan/experiment_2/nav2_astar_planner/include
[3.526s] -- Configured cppcheck exclude dirs and/or files: 
[3.528s] -- Added test 'cpplint' to check C / C++ code against the Google style
[3.528s] -- Configured cpplint exclude dirs and/or files: 
[3.529s] -- Added test 'lint_cmake' to check CMake code style
[3.532s] -- Added test 'uncrustify' to check C / C++ code style
[3.532s] -- Configured uncrustify additional arguments: 
[3.532s] -- Added test 'xmllint' to check XML markup files
[3.535s] -- Configuring done
[3.615s] -- Generating done
[3.618s] -- Build files have been written to: /home/pan/experiment_2/nav2_astar_planner/build/nav2_straightline_planner
[3.629s] Invoked command in '/home/pan/experiment_2/nav2_astar_planner/build/nav2_straightline_planner' returned '0': CMAKE_PREFIX_PATH=/opt/ros/humble /usr/bin/cmake /home/pan/experiment_2/nav2_astar_planner -DAMENT_CMAKE_SYMLINK_INSTALL=1 -DCMAKE_INSTALL_PREFIX=/home/pan/experiment_2/nav2_astar_planner/install/nav2_straightline_planner
[3.630s] Invoking command in '/home/pan/experiment_2/nav2_astar_planner/build/nav2_straightline_planner': CMAKE_PREFIX_PATH=/opt/ros/humble /usr/bin/cmake --build /home/pan/experiment_2/nav2_astar_planner/build/nav2_straightline_planner -- -j20 -l20
[3.672s] [ 50%] [32mBuilding CXX object CMakeFiles/nav2_straightline_planner_plugin.dir/src/straight_line_planner.cpp.o[0m
[5.322s] [01m[K/home/pan/experiment_2/nav2_astar_planner/src/straight_line_planner.cpp:[m[K In member function ‘[01m[Kvirtual nav_msgs::msg::Path nav2_straightline_planner::StraightLine::createPlan(const PoseStamped&, const PoseStamped&)[m[K’:
[5.322s] [01m[K/home/pan/experiment_2/nav2_astar_planner/src/straight_line_planner.cpp:282:22:[m[K [01;31m[Kerror: [m[K‘[01m[Kclass nav2_costmap_2d::Costmap2D[m[K’ has no member named ‘[01m[KisInBounds[m[K’
[5.322s]   282 |       if (!costmap_->[01;31m[KisInBounds[m[K(nx, ny) || costmap_->getCost(nx, ny) >= nav2_costmap_2d::INSCRIBED_INFLATED_OBSTACLE) {
[5.322s]       |                      [01;31m[K^~~~~~~~~~[m[K
[5.869s] In file included from [01m[K/usr/include/c++/11/bits/unique_ptr.h:37[m[K,
[5.869s]                  from [01m[K/usr/include/c++/11/memory:76[m[K,
[5.869s]                  from [01m[K/home/pan/experiment_2/nav2_astar_planner/src/straight_line_planner.cpp:152[m[K:
[5.869s] /usr/include/c++/11/tuple: In instantiation of ‘[01m[Kstd::pair<_T1, _T2>::pair(std::tuple<_Args1 ...>&, std::tuple<_Args2 ...>&, std::_Index_tuple<_Indexes1 ...>, std::_Index_tuple<_Indexes2 ...>) [with _Args1 = {const int&}; long unsigned int ..._Indexes1 = {0}; _Args2 = {}; long unsigned int ..._Indexes2 = {}; _T1 = const int; _T2 = nav2_straightline_planner::Node][m[K’:
[5.869s] [01m[K/usr/include/c++/11/tuple:1809:63:[m[K   required from ‘[01m[Kstd::pair<_T1, _T2>::pair(std::piecewise_construct_t, std::tuple<_Args1 ...>, std::tuple<_Args2 ...>) [with _Args1 = {const int&}; _Args2 = {}; _T1 = const int; _T2 = nav2_straightline_planner::Node][m[K’
[5.869s] [01m[K/usr/include/c++/11/ext/new_allocator.h:162:4:[m[K   required from ‘[01m[Kvoid __gnu_cxx::new_allocator<_Tp>::construct(_Up*, _Args&& ...) [with _Up = std::pair<const int, nav2_straightline_planner::Node>; _Args = {const std::piecewise_construct_t&, std::tuple<const int&>, std::tuple<>}; _Tp = std::__detail::_Hash_node<std::pair<const int, nav2_straightline_planner::Node>, false>][m[K’
[5.869s] [01m[K/usr/include/c++/11/bits/alloc_traits.h:516:17:[m[K   required from ‘[01m[Kstatic void std::allocator_traits<std::allocator<_CharT> >::construct(std::allocator_traits<std::allocator<_CharT> >::allocator_type&, _Up*, _Args&& ...) [with _Up = std::pair<const int, nav2_straightline_planner::Node>; _Args = {const std::piecewise_construct_t&, std::tuple<const int&>, std::tuple<>}; _Tp = std::__detail::_Hash_node<std::pair<const int, nav2_straightline_planner::Node>, false>; std::allocator_traits<std::allocator<_CharT> >::allocator_type = std::allocator<std::__detail::_Hash_node<std::pair<const int, nav2_straightline_planner::Node>, false> >][m[K’
[5.869s] [01m[K/usr/include/c++/11/bits/hashtable_policy.h:1878:36:[m[K   required from ‘[01m[Kstd::__detail::_Hashtable_alloc<_NodeAlloc>::__node_type* std::__detail::_Hashtable_alloc<_NodeAlloc>::_M_allocate_node(_Args&& ...) [with _Args = {const std::piecewise_construct_t&, std::tuple<const int&>, std::tuple<>}; _NodeAlloc = std::allocator<std::__detail::_Hash_node<std::pair<const int, nav2_straightline_planner::Node>, false> >; std::__detail::_Hashtable_alloc<_NodeAlloc>::__node_ptr = std::allocator<std::__detail::_Hash_node<std::pair<const int, nav2_straightline_planner::Node>, false> >::value_type*][m[K’
[5.870s] [01m[K/usr/include/c++/11/bits/hashtable.h:304:35:[m[K   required from ‘[01m[Kstd::_Hashtable<_Key, _Value, _Alloc, _ExtractKey, _Equal, _Hash, _RangeHash, _Unused, _RehashPolicy, _Traits>::_Scoped_node::_Scoped_node(std::_Hashtable<_Key, _Value, _Alloc, _ExtractKey, _Equal, _Hash, _RangeHash, _Unused, _RehashPolicy, _Traits>::__hashtable_alloc*, _Args&& ...) [with _Args = {const std::piecewise_construct_t&, std::tuple<const int&>, std::tuple<>}; _Key = int; _Value = std::pair<const int, nav2_straightline_planner::Node>; _Alloc = std::allocator<std::pair<const int, nav2_straightline_planner::Node> >; _ExtractKey = std::__detail::_Select1st; _Equal = std::equal_to<int>; _Hash = std::hash<int>; _RangeHash = std::__detail::_Mod_range_hashing; _Unused = std::__detail::_Default_ranged_hash; _RehashPolicy = std::__detail::_Prime_rehash_policy; _Traits = std::__detail::_Hashtable_traits<false, false, true>; std::_Hashtable<_Key, _Value, _Alloc, _ExtractKey, _Equal, _Hash, _RangeHash, _Unused, _RehashPolicy, _Traits>::__hashtable_alloc = std::_Hashtable<int, std::pair<const int, nav2_straightline_planner::Node>, std::allocator<std::pair<const int, nav2_straightline_planner::Node> >, std::__detail::_Select1st, std::equal_to<int>, std::hash<int>, std::__detail::_Mod_range_hashing, std::__detail::_Default_ranged_hash, std::__detail::_Prime_rehash_policy, std::__detail::_Hashtable_traits<false, false, true> >::__hashtable_alloc][m[K’
[5.870s] [01m[K/usr/include/c++/11/bits/hashtable_policy.h:707:42:[m[K   required from ‘[01m[Kstd::__detail::_Map_base<_Key, _Pair, _Alloc, std::__detail::_Select1st, _Equal, _Hash, _RangeHash, _Unused, _RehashPolicy, _Traits, true>::mapped_type& std::__detail::_Map_base<_Key, _Pair, _Alloc, std::__detail::_Select1st, _Equal, _Hash, _RangeHash, _Unused, _RehashPolicy, _Traits, true>::operator[](const key_type&) [with _Key = int; _Pair = std::pair<const int, nav2_straightline_planner::Node>; _Alloc = std::allocator<std::pair<const int, nav2_straightline_planner::Node> >; _Equal = std::equal_to<int>; _Hash = std::hash<int>; _RangeHash = std::__detail::_Mod_range_hashing; _Unused = std::__detail::_Default_ranged_hash; _RehashPolicy = std::__detail::_Prime_rehash_policy; _Traits = std::__detail::_Hashtable_traits<false, false, true>; std::__detail::_Map_base<_Key, _Pair, _Alloc, std::__detail::_Select1st, _Equal, _Hash, _RangeHash, _Unused, _RehashPolicy, _Traits, true>::mapped_type = nav2_straightline_planner::Node; std::__detail::_Map_base<_Key, _Pair, _Alloc, std::__detail::_Select1st, _Equal, _Hash, _RangeHash, _Unused, _RehashPolicy, _Traits, true>::key_type = int][m[K’
[5.870s] [01m[K/usr/include/c++/11/bits/unordered_map.h:980:20:[m[K   required from ‘[01m[Kstd::unordered_map<_Key, _Tp, _Hash, _Pred, _Alloc>::mapped_type& std::unordered_map<_Key, _Tp, _Hash, _Pred, _Alloc>::operator[](const key_type&) [with _Key = int; _Tp = nav2_straightline_planner::Node; _Hash = std::hash<int>; _Pred = std::equal_to<int>; _Alloc = std::allocator<std::pair<const int, nav2_straightline_planner::Node> >; std::unordered_map<_Key, _Tp, _Hash, _Pred, _Alloc>::mapped_type = nav2_straightline_planner::Node; std::unordered_map<_Key, _Tp, _Hash, _Pred, _Alloc>::key_type = int][m[K’
[5.870s] [01m[K/home/pan/experiment_2/nav2_astar_planner/src/straight_line_planner.cpp:255:22:[m[K   required from here
[5.870s] [01m[K/usr/include/c++/11/tuple:1820:9:[m[K [01;31m[Kerror: [m[Kno matching function for call to ‘[01m[Knav2_straightline_planner::Node::Node()[m[K’
[5.870s]  1820 |         [01;31m[Ksecond(std::forward<_Args2>(std::get<_Indexes2>(__tuple2))...)[m[K
[5.870s]       |         [01;31m[K^~~~~~~~~~~~~~~~~~~~~~~~~~~~~~~~~~~~~~~~~~~~~~~~~~~~~~~~~~~~~~[m[K
[5.870s] [01m[K/home/pan/experiment_2/nav2_astar_planner/src/straight_line_planner.cpp:169:3:[m[K [01;36m[Knote: [m[Kcandidate: ‘[01m[Knav2_straightline_planner::Node::Node(int, int, double, double, nav2_straightline_planner::Node*)[m[K’
[5.870s]   169 |   [01;36m[KNode[m[K(int x_, int y_, double g, double f, Node *p = nullptr)
[5.870s]       |   [01;36m[K^~~~[m[K
[5.870s] [01m[K/home/pan/experiment_2/nav2_astar_planner/src/straight_line_planner.cpp:169:3:[m[K [01;36m[Knote: [m[K  candidate expects 5 arguments, 0 provided
[5.870s] [01m[K/home/pan/experiment_2/nav2_astar_planner/src/straight_line_planner.cpp:162:8:[m[K [01;36m[Knote: [m[Kcandidate: ‘[01m[Kconstexpr nav2_straightline_planner::Node::Node(const nav2_straightline_planner::Node&)[m[K’
[5.870s]   162 | struct [01;36m[KNode[m[K {
[5.870s]       |        [01;36m[K^~~~[m[K
[5.870s] [01m[K/home/pan/experiment_2/nav2_astar_planner/src/straight_line_planner.cpp:162:8:[m[K [01;36m[Knote: [m[K  candidate expects 1 argument, 0 provided
[5.870s] [01m[K/home/pan/experiment_2/nav2_astar_planner/src/straight_line_planner.cpp:162:8:[m[K [01;36m[Knote: [m[Kcandidate: ‘[01m[Kconstexpr nav2_straightline_planner::Node::Node(nav2_straightline_planner::Node&&)[m[K’
[5.870s] [01m[K/home/pan/experiment_2/nav2_astar_planner/src/straight_line_planner.cpp:162:8:[m[K [01;36m[Knote: [m[K  candidate expects 1 argument, 0 provided
[5.870s] In file included from [01m[K/usr/include/c++/11/bits/unique_ptr.h:37[m[K,
[5.870s]                  from [01m[K/usr/include/c++/11/memory:76[m[K,
[5.870s]                  from [01m[K/home/pan/experiment_2/nav2_astar_planner/src/straight_line_planner.cpp:152[m[K:
[5.870s] /usr/include/c++/11/tuple: In instantiation of ‘[01m[Kstd::pair<_T1, _T2>::pair(std::tuple<_Args1 ...>&, std::tuple<_Args2 ...>&, std::_Index_tuple<_Indexes1 ...>, std::_Index_tuple<_Indexes2 ...>) [with _Args1 = {int&&}; long unsigned int ..._Indexes1 = {0}; _Args2 = {}; long unsigned int ..._Indexes2 = {}; _T1 = const int; _T2 = nav2_straightline_planner::Node][m[K’:
[5.870s] [01m[K/usr/include/c++/11/tuple:1809:63:[m[K   required from ‘[01m[Kstd::pair<_T1, _T2>::pair(std::piecewise_construct_t, std::tuple<_Args1 ...>, std::tuple<_Args2 ...>) [with _Args1 = {int&&}; _Args2 = {}; _T1 = const int; _T2 = nav2_straightline_planner::Node][m[K’
[5.870s] [01m[K/usr/include/c++/11/ext/new_allocator.h:162:4:[m[K   required from ‘[01m[Kvoid __gnu_cxx::new_allocator<_Tp>::construct(_Up*, _Args&& ...) [with _Up = std::pair<const int, nav2_straightline_planner::Node>; _Args = {const std::piecewise_construct_t&, std::tuple<int&&>, std::tuple<>}; _Tp = std::__detail::_Hash_node<std::pair<const int, nav2_straightline_planner::Node>, false>][m[K’
[5.870s] [01m[K/usr/include/c++/11/bits/alloc_traits.h:516:17:[m[K   required from ‘[01m[Kstatic void std::allocator_traits<std::allocator<_CharT> >::construct(std::allocator_traits<std::allocator<_CharT> >::allocator_type&, _Up*, _Args&& ...) [with _Up = std::pair<const int, nav2_straightline_planner::Node>; _Args = {const std::piecewise_construct_t&, std::tuple<int&&>, std::tuple<>}; _Tp = std::__detail::_Hash_node<std::pair<const int, nav2_straightline_planner::Node>, false>; std::allocator_traits<std::allocator<_CharT> >::allocator_type = std::allocator<std::__detail::_Hash_node<std::pair<const int, nav2_straightline_planner::Node>, false> >][m[K’
[5.870s] [01m[K/usr/include/c++/11/bits/hashtable_policy.h:1878:36:[m[K   required from ‘[01m[Kstd::__detail::_Hashtable_alloc<_NodeAlloc>::__node_type* std::__detail::_Hashtable_alloc<_NodeAlloc>::_M_allocate_node(_Args&& ...) [with _Args = {const std::piecewise_construct_t&, std::tuple<int&&>, std::tuple<>}; _NodeAlloc = std::allocator<std::__detail::_Hash_node<std::pair<const int, nav2_straightline_planner::Node>, false> >; std::__detail::_Hashtable_alloc<_NodeAlloc>::__node_ptr = std::allocator<std::__detail::_Hash_node<std::pair<const int, nav2_straightline_planner::Node>, false> >::value_type*][m[K’
[5.870s] [01m[K/usr/include/c++/11/bits/hashtable.h:304:35:[m[K   required from ‘[01m[Kstd::_Hashtable<_Key, _Value, _Alloc, _ExtractKey, _Equal, _Hash, _RangeHash, _Unused, _RehashPolicy, _Traits>::_Scoped_node::_Scoped_node(std::_Hashtable<_Key, _Value, _Alloc, _ExtractKey, _Equal, _Hash, _RangeHash, _Unused, _RehashPolicy, _Traits>::__hashtable_alloc*, _Args&& ...) [with _Args = {const std::piecewise_construct_t&, std::tuple<int&&>, std::tuple<>}; _Key = int; _Value = std::pair<const int, nav2_straightline_planner::Node>; _Alloc = std::allocator<std::pair<const int, nav2_straightline_planner::Node> >; _ExtractKey = std::__detail::_Select1st; _Equal = std::equal_to<int>; _Hash = std::hash<int>; _RangeHash = std::__detail::_Mod_range_hashing; _Unused = std::__detail::_Default_ranged_hash; _RehashPolicy = std::__detail::_Prime_rehash_policy; _Traits = std::__detail::_Hashtable_traits<false, false, true>; std::_Hashtable<_Key, _Value, _Alloc, _ExtractKey, _Equal, _Hash, _RangeHash, _Unused, _RehashPolicy, _Traits>::__hashtable_alloc = std::_Hashtable<int, std::pair<const int, nav2_straightline_planner::Node>, std::allocator<std::pair<const int, nav2_straightline_planner::Node> >, std::__detail::_Select1st, std::equal_to<int>, std::hash<int>, std::__detail::_Mod_range_hashing, std::__detail::_Default_ranged_hash, std::__detail::_Prime_rehash_policy, std::__detail::_Hashtable_traits<false, false, true> >::__hashtable_alloc][m[K’
[5.870s] [01m[K/usr/include/c++/11/bits/hashtable_policy.h:734:42:[m[K   required from ‘[01m[Kstd::__detail::_Map_base<_Key, _Pair, _Alloc, std::__detail::_Select1st, _Equal, _Hash, _RangeHash, _Unused, _RehashPolicy, _Traits, true>::mapped_type& std::__detail::_Map_base<_Key, _Pair, _Alloc, std::__detail::_Select1st, _Equal, _Hash, _RangeHash, _Unused, _RehashPolicy, _Traits, true>::operator[](std::__detail::_Map_base<_Key, _Pair, _Alloc, std::__detail::_Select1st, _Equal, _Hash, _RangeHash, _Unused, _RehashPolicy, _Traits, true>::key_type&&) [with _Key = int; _Pair = std::pair<const int, nav2_straightline_planner::Node>; _Alloc = std::allocator<std::pair<const int, nav2_straightline_planner::Node> >; _Equal = std::equal_to<int>; _Hash = std::hash<int>; _RangeHash = std::__detail::_Mod_range_hashing; _Unused = std::__detail::_Default_ranged_hash; _RehashPolicy = std::__detail::_Prime_rehash_policy; _Traits = std::__detail::_Hashtable_traits<false, false, true>; std::__detail::_Map_base<_Key, _Pair, _Alloc, std::__detail::_Select1st, _Equal, _Hash, _RangeHash, _Unused, _RehashPolicy, _Traits, true>::mapped_type = nav2_straightline_planner::Node; std::__detail::_Map_base<_Key, _Pair, _Alloc, std::__detail::_Select1st, _Equal, _Hash, _RangeHash, _Unused, _RehashPolicy, _Traits, true>::key_type = int][m[K’
[5.870s] [01m[K/usr/include/c++/11/bits/unordered_map.h:984:20:[m[K   required from ‘[01m[Kstd::unordered_map<_Key, _Tp, _Hash, _Pred, _Alloc>::mapped_type& std::unordered_map<_Key, _Tp, _Hash, _Pred, _Alloc>::operator[](std::unordered_map<_Key, _Tp, _Hash, _Pred, _Alloc>::key_type&&) [with _Key = int; _Tp = nav2_straightline_planner::Node; _Hash = std::hash<int>; _Pred = std::equal_to<int>; _Alloc = std::allocator<std::pair<const int, nav2_straightline_planner::Node> >; std::unordered_map<_Key, _Tp, _Hash, _Pred, _Alloc>::mapped_type = nav2_straightline_planner::Node; std::unordered_map<_Key, _Tp, _Hash, _Pred, _Alloc>::key_type = int][m[K’
[5.870s] [01m[K/home/pan/experiment_2/nav2_astar_planner/src/straight_line_planner.cpp:290:109:[m[K   required from here
[5.870s] [01m[K/usr/include/c++/11/tuple:1820:9:[m[K [01;31m[Kerror: [m[Kno matching function for call to ‘[01m[Knav2_straightline_planner::Node::Node()[m[K’
[5.870s]  1820 |         [01;31m[Ksecond(std::forward<_Args2>(std::get<_Indexes2>(__tuple2))...)[m[K
[5.870s]       |         [01;31m[K^~~~~~~~~~~~~~~~~~~~~~~~~~~~~~~~~~~~~~~~~~~~~~~~~~~~~~~~~~~~~~[m[K
[5.871s] [01m[K/home/pan/experiment_2/nav2_astar_planner/src/straight_line_planner.cpp:169:3:[m[K [01;36m[Knote: [m[Kcandidate: ‘[01m[Knav2_straightline_planner::Node::Node(int, int, double, double, nav2_straightline_planner::Node*)[m[K’
[5.871s]   169 |   [01;36m[KNode[m[K(int x_, int y_, double g, double f, Node *p = nullptr)
[5.871s]       |   [01;36m[K^~~~[m[K
[5.871s] [01m[K/home/pan/experiment_2/nav2_astar_planner/src/straight_line_planner.cpp:169:3:[m[K [01;36m[Knote: [m[K  candidate expects 5 arguments, 0 provided
[5.871s] [01m[K/home/pan/experiment_2/nav2_astar_planner/src/straight_line_planner.cpp:162:8:[m[K [01;36m[Knote: [m[Kcandidate: ‘[01m[Kconstexpr nav2_straightline_planner::Node::Node(const nav2_straightline_planner::Node&)[m[K’
[5.871s]   162 | struct [01;36m[KNode[m[K {
[5.871s]       |        [01;36m[K^~~~[m[K
[5.871s] [01m[K/home/pan/experiment_2/nav2_astar_planner/src/straight_line_planner.cpp:162:8:[m[K [01;36m[Knote: [m[K  candidate expects 1 argument, 0 provided
[5.871s] [01m[K/home/pan/experiment_2/nav2_astar_planner/src/straight_line_planner.cpp:162:8:[m[K [01;36m[Knote: [m[Kcandidate: ‘[01m[Kconstexpr nav2_straightline_planner::Node::Node(nav2_straightline_planner::Node&&)[m[K’
[5.871s] [01m[K/home/pan/experiment_2/nav2_astar_planner/src/straight_line_planner.cpp:162:8:[m[K [01;36m[Knote: [m[K  candidate expects 1 argument, 0 provided
[6.033s] gmake[2]: *** [CMakeFiles/nav2_straightline_planner_plugin.dir/build.make:76：CMakeFiles/nav2_straightline_planner_plugin.dir/src/straight_line_planner.cpp.o] 错误 1
[6.033s] gmake[1]: *** [CMakeFiles/Makefile2:137：CMakeFiles/nav2_straightline_planner_plugin.dir/all] 错误 2
[6.034s] gmake: *** [Makefile:146：all] 错误 2
[6.036s] Invoked command in '/home/pan/experiment_2/nav2_astar_planner/build/nav2_straightline_planner' returned '2': CMAKE_PREFIX_PATH=/opt/ros/humble /usr/bin/cmake --build /home/pan/experiment_2/nav2_astar_planner/build/nav2_straightline_planner -- -j20 -l20
