[0.006s] Invoking command in '/home/asuka/Move/Astar_Path_Planner-master/astar_planner/build/astar_planner': /usr/bin/cmake /home/asuka/Move/Astar_Path_Planner-master/astar_planner -DCATKIN_INSTALL_INTO_PREFIX_ROOT=0 -DCATKIN_SYMLINK_INSTALL=ON -DCMAKE_INSTALL_PREFIX=/home/asuka/Move/Astar_Path_Planner-master/astar_planner/install/astar_planner
[0.010s] [0mCMake Deprecation Warning at CMakeLists.txt:1 (cmake_minimum_required):
[0.010s]   Compatibility with CMake < 2.8.12 will be removed from a future version of
[0.010s]   CMake.
[0.010s] 
[0.010s]   Update the VERSION argument <min> value or use a ...<max> suffix to tell
[0.010s]   CMake that the project does not need compatibility with older versions.
[0.010s] 
[0.010s] [0m
[0.058s] -- The C compiler identification is GNU 11.4.0
[0.099s] -- The CXX compiler identification is GNU 11.4.0
[0.106s] -- Detecting C compiler ABI info
[0.151s] -- Detecting C compiler ABI info - done
[0.155s] -- Check for working C compiler: /usr/bin/cc - skipped
[0.156s] -- Detecting C compile features
[0.156s] -- Detecting C compile features - done
[0.159s] -- Detecting CXX compiler ABI info
[0.203s] -- Detecting CXX compiler ABI info - done
[0.208s] -- Check for working CXX compiler: /usr/bin/c++ - skipped
[0.208s] -- Detecting CXX compile features
[0.209s] -- Detecting CXX compile features - done
[0.216s] -- Configuring incomplete, errors occurred!
[0.216s] See also "/home/asuka/Move/Astar_Path_Planner-master/astar_planner/build/astar_planner/CMakeFiles/CMakeOutput.log".
[0.216s] [31mCMake Error at CMakeLists.txt:10 (find_package):
[0.216s]   By not providing "Findcatkin.cmake" in CMAKE_MODULE_PATH this project has
[0.216s]   asked CMake to find a package configuration file provided by "catkin", but
[0.216s]   CMake did not find one.
[0.216s] 
[0.216s]   Could not find a package configuration file provided by "catkin" with any
[0.216s]   of the following names:
[0.216s] 
[0.216s]     catkinConfig.cmake
[0.216s]     catkin-config.cmake
[0.216s] 
[0.216s]   Add the installation prefix of "catkin" to CMAKE_PREFIX_PATH or set
[0.216s]   "catkin_DIR" to a directory containing one of the above files.  If "catkin"
[0.216s]   provides a separate development package or SDK, be sure it has been
[0.216s]   installed.
[0.216s] 
[0.216s] [0m
[0.219s] Invoked command in '/home/asuka/Move/Astar_Path_Planner-master/astar_planner/build/astar_planner' returned '1': /usr/bin/cmake /home/asuka/Move/Astar_Path_Planner-master/astar_planner -DCATKIN_INSTALL_INTO_PREFIX_ROOT=0 -DCATKIN_SYMLINK_INSTALL=ON -DCMAKE_INSTALL_PREFIX=/home/asuka/Move/Astar_Path_Planner-master/astar_planner/install/astar_planner
